<?xml version="1.0" encoding="UTF-8"?>
<coverage generated="1716539077744" clover="3.2.0">
  <project timestamp="1716539077744" name="All files">
    <metrics statements="16" coveredstatements="9" conditionals="4" coveredconditionals="1" methods="6" coveredmethods="4" elements="26" coveredelements="14" complexity="0" loc="16" ncloc="16" packages="2" files="3" classes="3"/>
    <package name="ZenTimerAppFront">
      <metrics statements="16" coveredstatements="9" conditionals="4" coveredconditionals="1" methods="6" coveredmethods="4"/>
      <file name="App.js" path="/Users/leninortizreyes/Desktop/ZenTimerAppFront/ZenTimerAppFront/App.js">
        <metrics statements="15" coveredstatements="9" conditionals="4" coveredconditionals="1" methods="6" coveredmethods="4"/>
        <line num="8" count="2" type="stmt"/>
        <line num="9" count="1" type="stmt"/>
        <line num="11" count="1" type="stmt"/>
        <line num="12" count="1" type="stmt"/>
        <line num="15" count="1" type="stmt"/>
        <line num="16" count="2" type="stmt"/>
        <line num="18" count="0" type="cond" truecount="0" falsecount="2"/>
        <line num="19" count="0" type="stmt"/>
        <line num="21" count="0" type="stmt"/>
        <line num="23" count="0" type="stmt"/>
        <line num="25" count="0" type="stmt"/>
        <line num="28" count="1" type="cond" truecount="1" falsecount="1"/>
        <line num="29" count="1" type="stmt"/>
        <line num="32" count="1" type="stmt"/>
        <line num="38" count="0" type="stmt"/>
      </file>
      <file name="jest.config.js" path="/Users/leninortizreyes/Desktop/ZenTimerAppFront/ZenTimerAppFront/jest.config.js">
        <metrics statements="1" coveredstatements="0" conditionals="0" coveredconditionals="0" methods="0" coveredmethods="0"/>
        <line num="1" count="0" type="stmt"/>
      </file>
    </package>
    <package name="ZenTimerAppFront.context">
      <metrics statements="0" coveredstatements="0" conditionals="0" coveredconditionals="0" methods="0" coveredmethods="0"/>
      <file name="credentialsContext.js" path="/Users/leninortizreyes/Desktop/ZenTimerAppFront/ZenTimerAppFront/context/credentialsContext.js">
        <metrics statements="0" coveredstatements="0" conditionals="0" coveredconditionals="0" methods="0" coveredmethods="0"/>
      </file>
    </package>
  </project>
</coverage>
