<?xml version="1.0" encoding="UTF-8"?>
<coverage generated="1724844708904" clover="3.2.0">
  <project timestamp="1724844708904" name="All files">
    <metrics statements="247" coveredstatements="122" conditionals="123" coveredconditionals="6" methods="80" coveredmethods="33" elements="450" coveredelements="161" complexity="0" loc="247" ncloc="247" packages="3" files="4" classes="4"/>
    <package name="actions">
      <metrics statements="51" coveredstatements="46" conditionals="0" coveredconditionals="0" methods="17" coveredmethods="11"/>
      <file name="counterActions.js" path="/Users/leninortizreyes/Desktop/ZenTimerAppFront/ZenTimerAppFront/actions/counterActions.js">
        <metrics statements="51" coveredstatements="46" conditionals="0" coveredconditionals="0" methods="17" coveredmethods="11"/>
        <line num="1" count="4" type="stmt"/>
        <line num="2" count="4" type="stmt"/>
        <line num="3" count="4" type="stmt"/>
        <line num="4" count="4" type="stmt"/>
        <line num="5" count="4" type="stmt"/>
        <line num="6" count="4" type="stmt"/>
        <line num="7" count="4" type="stmt"/>
        <line num="9" count="4" type="stmt"/>
        <line num="10" count="4" type="stmt"/>
        <line num="11" count="4" type="stmt"/>
        <line num="12" count="4" type="stmt"/>
        <line num="13" count="4" type="stmt"/>
        <line num="14" count="4" type="stmt"/>
        <line num="15" count="4" type="stmt"/>
        <line num="17" count="4" type="stmt"/>
        <line num="18" count="4" type="stmt"/>
        <line num="19" count="4" type="stmt"/>
        <line num="22" count="4" type="stmt"/>
        <line num="24" count="4" type="stmt"/>
        <line num="25" count="4" type="stmt"/>
        <line num="31" count="4" type="stmt"/>
        <line num="32" count="8" type="stmt"/>
        <line num="38" count="4" type="stmt"/>
        <line num="39" count="7" type="stmt"/>
        <line num="45" count="4" type="stmt"/>
        <line num="46" count="0" type="stmt"/>
        <line num="52" count="4" type="stmt"/>
        <line num="53" count="4" type="stmt"/>
        <line num="59" count="4" type="stmt"/>
        <line num="60" count="2" type="stmt"/>
        <line num="66" count="4" type="stmt"/>
        <line num="67" count="8" type="stmt"/>
        <line num="73" count="4" type="stmt"/>
        <line num="74" count="3" type="stmt"/>
        <line num="80" count="4" type="stmt"/>
        <line num="81" count="5" type="stmt"/>
        <line num="87" count="4" type="stmt"/>
        <line num="88" count="3" type="stmt"/>
        <line num="94" count="4" type="stmt"/>
        <line num="95" count="5" type="stmt"/>
        <line num="101" count="4" type="stmt"/>
        <line num="102" count="0" type="stmt"/>
        <line num="108" count="4" type="stmt"/>
        <line num="109" count="0" type="stmt"/>
        <line num="115" count="4" type="stmt"/>
        <line num="116" count="0" type="stmt"/>
        <line num="122" count="4" type="stmt"/>
        <line num="123" count="0" type="stmt"/>
        <line num="129" count="4" type="stmt"/>
        <line num="130" count="2" type="stmt"/>
        <line num="136" count="4" type="stmt"/>
      </file>
    </package>
    <package name="hooks">
      <metrics statements="85" coveredstatements="73" conditionals="12" coveredconditionals="6" methods="25" coveredmethods="22"/>
      <file name="useInfoText.js" path="/Users/leninortizreyes/Desktop/ZenTimerAppFront/ZenTimerAppFront/hooks/useInfoText.js">
        <metrics statements="10" coveredstatements="10" conditionals="0" coveredconditionals="0" methods="5" coveredmethods="5"/>
        <line num="5" count="2" type="stmt"/>
        <line num="6" count="2" type="stmt"/>
        <line num="7" count="1" type="stmt"/>
        <line num="9" count="1" type="stmt"/>
        <line num="10" count="2" type="stmt"/>
        <line num="11" count="2" type="stmt"/>
        <line num="14" count="1" type="stmt"/>
        <line num="15" count="1" type="stmt"/>
        <line num="16" count="1" type="stmt"/>
        <line num="20" count="1" type="stmt"/>
      </file>
      <file name="useStopwatch.js" path="/Users/leninortizreyes/Desktop/ZenTimerAppFront/ZenTimerAppFront/hooks/useStopwatch.js">
        <metrics statements="75" coveredstatements="63" conditionals="12" coveredconditionals="6" methods="20" coveredmethods="17"/>
        <line num="19" count="9" type="stmt"/>
        <line num="20" count="42" type="stmt"/>
        <line num="21" count="42" type="stmt"/>
        <line num="22" count="42" type="stmt"/>
        <line num="23" count="42" type="stmt"/>
        <line num="24" count="42" type="stmt"/>
        <line num="25" count="42" type="stmt"/>
        <line num="26" count="42" type="stmt"/>
        <line num="27" count="42" type="stmt"/>
        <line num="28" count="42" type="stmt"/>
        <line num="30" count="9" type="stmt"/>
        <line num="32" count="9" type="stmt"/>
        <line num="34" count="9" type="stmt"/>
        <line num="35" count="9" type="stmt"/>
        <line num="36" count="9" type="stmt"/>
        <line num="38" count="9" type="stmt"/>
        <line num="39" count="9" type="stmt"/>
        <line num="40" count="9" type="stmt"/>
        <line num="43" count="9" type="stmt"/>
        <line num="44" count="1" type="stmt"/>
        <line num="45" count="1" type="stmt"/>
        <line num="46" count="1" type="stmt"/>
        <line num="50" count="9" type="stmt"/>
        <line num="51" count="0" type="stmt"/>
        <line num="52" count="0" type="stmt"/>
        <line num="56" count="9" type="stmt"/>
        <line num="57" count="0" type="cond" truecount="0" falsecount="2"/>
        <line num="58" count="0" type="stmt"/>
        <line num="59" count="0" type="stmt"/>
        <line num="60" count="0" type="stmt"/>
        <line num="65" count="9" type="stmt"/>
        <line num="66" count="5" type="cond" truecount="1" falsecount="1"/>
        <line num="67" count="5" type="stmt"/>
        <line num="68" count="5" type="stmt"/>
        <line num="71" count="5" type="stmt"/>
        <line num="73" count="5" type="stmt"/>
        <line num="74" count="5" type="stmt"/>
        <line num="76" count="5" type="cond" truecount="1" falsecount="1"/>
        <line num="77" count="0" type="stmt"/>
        <line num="78" count="0" type="stmt"/>
        <line num="84" count="9" type="stmt"/>
        <line num="85" count="3" type="stmt"/>
        <line num="87" count="3" type="cond" truecount="2" falsecount="0"/>
        <line num="88" count="2" type="stmt"/>
        <line num="89" count="2" type="stmt"/>
        <line num="90" count="2" type="stmt"/>
        <line num="91" count="2" type="stmt"/>
        <line num="93" count="1" type="stmt"/>
        <line num="94" count="1" type="stmt"/>
        <line num="98" count="9" type="stmt"/>
        <line num="99" count="1" type="stmt"/>
        <line num="100" count="1" type="stmt"/>
        <line num="101" count="1" type="stmt"/>
        <line num="102" count="1" type="stmt"/>
        <line num="105" count="9" type="stmt"/>
        <line num="106" count="1" type="stmt"/>
        <line num="107" count="1" type="stmt"/>
        <line num="108" count="1" type="stmt"/>
        <line num="111" count="9" type="stmt"/>
        <line num="112" count="1" type="stmt"/>
        <line num="113" count="1" type="stmt"/>
        <line num="114" count="1" type="stmt"/>
        <line num="115" count="1" type="stmt"/>
        <line num="118" count="9" type="stmt"/>
        <line num="119" count="1" type="stmt"/>
        <line num="120" count="1" type="stmt"/>
        <line num="121" count="1" type="stmt"/>
        <line num="122" count="1" type="stmt"/>
        <line num="125" count="9" type="stmt"/>
        <line num="127" count="0" type="cond" truecount="0" falsecount="2"/>
        <line num="129" count="0" type="stmt"/>
        <line num="130" count="0" type="stmt"/>
        <line num="131" count="0" type="stmt"/>
        <line num="134" count="9" type="cond" truecount="2" falsecount="0"/>
        <line num="136" count="9" type="stmt"/>
      </file>
    </package>
    <package name="screens.StopwatchScreen">
      <metrics statements="111" coveredstatements="3" conditionals="111" coveredconditionals="0" methods="38" coveredmethods="0"/>
      <file name="StopwatchScreen.js" path="/Users/leninortizreyes/Desktop/ZenTimerAppFront/ZenTimerAppFront/screens/StopwatchScreen/StopwatchScreen.js">
        <metrics statements="111" coveredstatements="3" conditionals="111" coveredconditionals="0" methods="38" coveredmethods="0"/>
        <line num="57" count="1" type="stmt"/>
        <line num="59" count="1" type="stmt"/>
        <line num="60" count="0" type="stmt"/>
        <line num="61" count="0" type="stmt"/>
        <line num="63" count="0" type="stmt"/>
        <line num="64" count="0" type="stmt"/>
        <line num="68" count="0" type="stmt"/>
        <line num="69" count="0" type="stmt"/>
        <line num="70" count="0" type="stmt"/>
        <line num="71" count="0" type="stmt"/>
        <line num="72" count="0" type="stmt"/>
        <line num="73" count="0" type="stmt"/>
        <line num="74" count="0" type="stmt"/>
        <line num="75" count="0" type="stmt"/>
        <line num="76" count="0" type="stmt"/>
        <line num="77" count="0" type="stmt"/>
        <line num="78" count="0" type="stmt"/>
        <line num="81" count="0" type="stmt"/>
        <line num="83" count="0" type="stmt"/>
        <line num="85" count="0" type="stmt"/>
        <line num="86" count="0" type="stmt"/>
        <line num="96" count="0" type="stmt"/>
        <line num="103" count="0" type="stmt"/>
        <line num="105" count="0" type="stmt"/>
        <line num="107" count="0" type="stmt"/>
        <line num="108" count="0" type="cond" truecount="0" falsecount="4"/>
        <line num="109" count="0" type="stmt"/>
        <line num="110" count="0" type="stmt"/>
        <line num="113" count="0" type="stmt"/>
        <line num="117" count="0" type="stmt"/>
        <line num="118" count="0" type="cond" truecount="0" falsecount="2"/>
        <line num="119" count="0" type="stmt"/>
        <line num="120" count="0" type="stmt"/>
        <line num="125" count="0" type="stmt"/>
        <line num="126" count="0" type="stmt"/>
        <line num="127" count="0" type="stmt"/>
        <line num="128" count="0" type="cond" truecount="0" falsecount="2"/>
        <line num="129" count="0" type="stmt"/>
        <line num="135" count="0" type="stmt"/>
        <line num="136" count="0" type="cond" truecount="0" falsecount="2"/>
        <line num="137" count="0" type="cond" truecount="0" falsecount="4"/>
        <line num="138" count="0" type="stmt"/>
        <line num="139" count="0" type="cond" truecount="0" falsecount="4"/>
        <line num="140" count="0" type="stmt"/>
        <line num="141" count="0" type="cond" truecount="0" falsecount="4"/>
        <line num="142" count="0" type="stmt"/>
        <line num="143" count="0" type="cond" truecount="0" falsecount="4"/>
        <line num="144" count="0" type="stmt"/>
        <line num="147" count="0" type="cond" truecount="0" falsecount="4"/>
        <line num="148" count="0" type="cond" truecount="0" falsecount="2"/>
        <line num="149" count="0" type="stmt"/>
        <line num="151" count="0" type="stmt"/>
        <line num="158" count="0" type="stmt"/>
        <line num="159" count="0" type="stmt"/>
        <line num="161" count="0" type="cond" truecount="0" falsecount="2"/>
        <line num="162" count="0" type="stmt"/>
        <line num="163" count="0" type="cond" truecount="0" falsecount="2"/>
        <line num="165" count="0" type="stmt"/>
        <line num="166" count="0" type="stmt"/>
        <line num="167" count="0" type="cond" truecount="0" falsecount="2"/>
        <line num="169" count="0" type="stmt"/>
        <line num="170" count="0" type="stmt"/>
        <line num="175" count="0" type="stmt"/>
        <line num="176" count="0" type="stmt"/>
        <line num="177" count="0" type="stmt"/>
        <line num="179" count="0" type="cond" truecount="0" falsecount="4"/>
        <line num="180" count="0" type="stmt"/>
        <line num="185" count="0" type="stmt"/>
        <line num="188" count="0" type="cond" truecount="0" falsecount="5"/>
        <line num="189" count="0" type="stmt"/>
        <line num="190" count="0" type="stmt"/>
        <line num="191" count="0" type="stmt"/>
        <line num="192" count="0" type="stmt"/>
        <line num="196" count="0" type="stmt"/>
        <line num="197" count="0" type="stmt"/>
        <line num="198" count="0" type="stmt"/>
        <line num="199" count="0" type="stmt"/>
        <line num="201" count="0" type="stmt"/>
        <line num="202" count="0" type="stmt"/>
        <line num="204" count="0" type="stmt"/>
        <line num="205" count="0" type="stmt"/>
        <line num="206" count="0" type="stmt"/>
        <line num="210" count="0" type="stmt"/>
        <line num="214" count="0" type="stmt"/>
        <line num="219" count="0" type="stmt"/>
        <line num="220" count="0" type="stmt"/>
        <line num="221" count="0" type="stmt"/>
        <line num="225" count="0" type="stmt"/>
        <line num="233" count="0" type="stmt"/>
        <line num="241" count="0" type="stmt"/>
        <line num="248" count="0" type="stmt"/>
        <line num="255" count="0" type="stmt"/>
        <line num="262" count="0" type="stmt"/>
        <line num="269" count="0" type="stmt"/>
        <line num="276" count="0" type="stmt"/>
        <line num="283" count="0" type="stmt"/>
        <line num="346" count="0" type="cond" truecount="0" falsecount="4"/>
        <line num="347" count="0" type="stmt"/>
        <line num="348" count="0" type="stmt"/>
        <line num="365" count="0" type="cond" truecount="0" falsecount="2"/>
        <line num="366" count="0" type="stmt"/>
        <line num="367" count="0" type="stmt"/>
        <line num="385" count="0" type="stmt"/>
        <line num="386" count="0" type="stmt"/>
        <line num="400" count="0" type="cond" truecount="0" falsecount="2"/>
        <line num="401" count="0" type="stmt"/>
        <line num="402" count="0" type="stmt"/>
        <line num="418" count="0" type="cond" truecount="0" falsecount="2"/>
        <line num="419" count="0" type="stmt"/>
        <line num="420" count="0" type="stmt"/>
        <line num="439" count="1" type="stmt"/>
      </file>
    </package>
  </project>
</coverage>
