{"/Users/leninortizreyes/Desktop/ZenTimerAppFront/ZenTimerAppFront/App.js": {"path":"/Users/leninortizreyes/Desktop/ZenTimerAppFront/ZenTimerAppFront/App.js","statementMap":{"0":{"start":{"line":11,"column":0},"end":{"line":11,"column":36}},"1":{"start":{"line":14,"column":34},"end":{"line":14,"column":49}},"2":{"start":{"line":15,"column":52},"end":{"line":15,"column":64}},"3":{"start":{"line":17,"column":32},"end":{"line":31,"column":3}},"4":{"start":{"line":18,"column":4},"end":{"line":30,"column":5}},"5":{"start":{"line":19,"column":21},"end":{"line":19,"column":70}},"6":{"start":{"line":20,"column":6},"end":{"line":24,"column":7}},"7":{"start":{"line":21,"column":8},"end":{"line":21,"column":49}},"8":{"start":{"line":23,"column":8},"end":{"line":23,"column":35}},"9":{"start":{"line":26,"column":6},"end":{"line":26,"column":22}},"10":{"start":{"line":28,"column":6},"end":{"line":28,"column":24}},"11":{"start":{"line":29,"column":6},"end":{"line":29,"column":31}},"12":{"start":{"line":33,"column":2},"end":{"line":35,"column":9}},"13":{"start":{"line":34,"column":4},"end":{"line":34,"column":28}},"14":{"start":{"line":37,"column":2},"end":{"line":39,"column":3}},"15":{"start":{"line":38,"column":4},"end":{"line":38,"column":16}},"16":{"start":{"line":41,"column":2},"end":{"line":49,"column":4}}},"fnMap":{"0":{"name":"App","decl":{"start":{"line":13,"column":24},"end":{"line":13,"column":27}},"loc":{"start":{"line":13,"column":30},"end":{"line":50,"column":1}},"line":13},"1":{"name":"(anonymous_1)","decl":{"start":{"line":17,"column":32},"end":{"line":17,"column":33}},"loc":{"start":{"line":17,"column":44},"end":{"line":31,"column":3}},"line":17},"2":{"name":"(anonymous_2)","decl":{"start":{"line":33,"column":12},"end":{"line":33,"column":13}},"loc":{"start":{"line":33,"column":18},"end":{"line":35,"column":3}},"line":33}},"branchMap":{"0":{"loc":{"start":{"line":20,"column":6},"end":{"line":24,"column":7}},"type":"if","locations":[{"start":{"line":20,"column":6},"end":{"line":24,"column":7}},{"start":{"line":22,"column":13},"end":{"line":24,"column":7}}],"line":20},"1":{"loc":{"start":{"line":37,"column":2},"end":{"line":39,"column":3}},"type":"if","locations":[{"start":{"line":37,"column":2},"end":{"line":39,"column":3}},{"start":{},"end":{}}],"line":37}},"s":{"0":0,"1":0,"2":0,"3":0,"4":0,"5":0,"6":0,"7":0,"8":0,"9":0,"10":0,"11":0,"12":0,"13":0,"14":0,"15":0,"16":0},"f":{"0":0,"1":0,"2":0},"b":{"0":[0,0],"1":[0,0]}}
,"/Users/leninortizreyes/Desktop/ZenTimerAppFront/ZenTimerAppFront/cypress.config.js": {"path":"/Users/leninortizreyes/Desktop/ZenTimerAppFront/ZenTimerAppFront/cypress.config.js","statementMap":{"0":{"start":{"line":1,"column":25},"end":{"line":1,"column":43}},"1":{"start":{"line":3,"column":0},"end":{"line":10,"column":3}}},"fnMap":{"0":{"name":"(anonymous_0)","decl":{"start":{"line":6,"column":4},"end":{"line":6,"column":5}},"loc":{"start":{"line":6,"column":32},"end":{"line":8,"column":5}},"line":6}},"branchMap":{},"s":{"0":0,"1":0},"f":{"0":0},"b":{}}
,"/Users/leninortizreyes/Desktop/ZenTimerAppFront/ZenTimerAppFront/jest.config.js": {"path":"/Users/leninortizreyes/Desktop/ZenTimerAppFront/ZenTimerAppFront/jest.config.js","statementMap":{"0":{"start":{"line":1,"column":0},"end":{"line":22,"column":2}}},"fnMap":{},"branchMap":{},"s":{"0":0},"f":{},"b":{}}
,"/Users/leninortizreyes/Desktop/ZenTimerAppFront/ZenTimerAppFront/metro.config.js": {"path":"/Users/leninortizreyes/Desktop/ZenTimerAppFront/ZenTimerAppFront/metro.config.js","statementMap":{"0":{"start":{"line":1,"column":29},"end":{"line":1,"column":57}},"1":{"start":{"line":3,"column":0},"end":{"line":28,"column":5}},"2":{"start":{"line":4,"column":17},"end":{"line":4,"column":44}},"3":{"start":{"line":6,"column":36},"end":{"line":6,"column":42}},"4":{"start":{"line":8,"column":2},"end":{"line":11,"column":4}},"5":{"start":{"line":12,"column":2},"end":{"line":25,"column":4}},"6":{"start":{"line":14,"column":48},"end":{"line":14,"column":61}},"7":{"start":{"line":27,"column":2},"end":{"line":27,"column":16}}},"fnMap":{"0":{"name":"(anonymous_0)","decl":{"start":{"line":3,"column":18},"end":{"line":3,"column":19}},"loc":{"start":{"line":3,"column":30},"end":{"line":28,"column":1}},"line":3},"1":{"name":"(anonymous_1)","decl":{"start":{"line":14,"column":41},"end":{"line":14,"column":42}},"loc":{"start":{"line":14,"column":48},"end":{"line":14,"column":61}},"line":14}},"branchMap":{},"s":{"0":0,"1":0,"2":0,"3":0,"4":0,"5":0,"6":0,"7":0},"f":{"0":0,"1":0},"b":{}}
,"/Users/leninortizreyes/Desktop/ZenTimerAppFront/ZenTimerAppFront/.expo/metro/polyfill.js": {"path":"/Users/leninortizreyes/Desktop/ZenTimerAppFront/ZenTimerAppFront/.expo/metro/polyfill.js","statementMap":{"0":{"start":{"line":1,"column":0},"end":{"line":1,"column":81}},"1":{"start":{"line":1,"column":76},"end":{"line":1,"column":80}}},"fnMap":{"0":{"name":"(anonymous_0)","decl":{"start":{"line":1,"column":70},"end":{"line":1,"column":71}},"loc":{"start":{"line":1,"column":76},"end":{"line":1,"column":80}},"line":1}},"branchMap":{"0":{"loc":{"start":{"line":1,"column":28},"end":{"line":1,"column":80}},"type":"cond-expr","locations":[{"start":{"line":1,"column":60},"end":{"line":1,"column":67}},{"start":{"line":1,"column":70},"end":{"line":1,"column":80}}],"line":1}},"s":{"0":0,"1":0},"f":{"0":0},"b":{"0":[0,0]}}
,"/Users/leninortizreyes/Desktop/ZenTimerAppFront/ZenTimerAppFront/.expo/metro/polyfill.native.js": {"path":"/Users/leninortizreyes/Desktop/ZenTimerAppFront/ZenTimerAppFront/.expo/metro/polyfill.native.js","statementMap":{"0":{"start":{"line":1,"column":0},"end":{"line":1,"column":155}},"1":{"start":{"line":1,"column":43},"end":{"line":1,"column":154}}},"fnMap":{"0":{"name":"(anonymous_0)","decl":{"start":{"line":1,"column":28},"end":{"line":1,"column":29}},"loc":{"start":{"line":1,"column":42},"end":{"line":1,"column":155}},"line":1}},"branchMap":{},"s":{"0":0,"1":0},"f":{"0":0},"b":{}}
,"/Users/leninortizreyes/Desktop/ZenTimerAppFront/ZenTimerAppFront/.expo/metro/externals/assert/index.js": {"path":"/Users/leninortizreyes/Desktop/ZenTimerAppFront/ZenTimerAppFront/.expo/metro/externals/assert/index.js","statementMap":{"0":{"start":{"line":1,"column":0},"end":{"line":1,"column":51}}},"fnMap":{},"branchMap":{},"s":{"0":0},"f":{},"b":{}}
,"/Users/leninortizreyes/Desktop/ZenTimerAppFront/ZenTimerAppFront/.expo/metro/externals/async_hooks/index.js": {"path":"/Users/leninortizreyes/Desktop/ZenTimerAppFront/ZenTimerAppFront/.expo/metro/externals/async_hooks/index.js","statementMap":{"0":{"start":{"line":1,"column":0},"end":{"line":1,"column":56}}},"fnMap":{},"branchMap":{},"s":{"0":0},"f":{},"b":{}}
,"/Users/leninortizreyes/Desktop/ZenTimerAppFront/ZenTimerAppFront/.expo/metro/externals/buffer/index.js": {"path":"/Users/leninortizreyes/Desktop/ZenTimerAppFront/ZenTimerAppFront/.expo/metro/externals/buffer/index.js","statementMap":{"0":{"start":{"line":1,"column":0},"end":{"line":1,"column":51}}},"fnMap":{},"branchMap":{},"s":{"0":0},"f":{},"b":{}}
,"/Users/leninortizreyes/Desktop/ZenTimerAppFront/ZenTimerAppFront/.expo/metro/externals/child_process/index.js": {"path":"/Users/leninortizreyes/Desktop/ZenTimerAppFront/ZenTimerAppFront/.expo/metro/externals/child_process/index.js","statementMap":{"0":{"start":{"line":1,"column":0},"end":{"line":1,"column":58}}},"fnMap":{},"branchMap":{},"s":{"0":0},"f":{},"b":{}}
,"/Users/leninortizreyes/Desktop/ZenTimerAppFront/ZenTimerAppFront/.expo/metro/externals/cluster/index.js": {"path":"/Users/leninortizreyes/Desktop/ZenTimerAppFront/ZenTimerAppFront/.expo/metro/externals/cluster/index.js","statementMap":{"0":{"start":{"line":1,"column":0},"end":{"line":1,"column":52}}},"fnMap":{},"branchMap":{},"s":{"0":0},"f":{},"b":{}}
,"/Users/leninortizreyes/Desktop/ZenTimerAppFront/ZenTimerAppFront/.expo/metro/externals/console/index.js": {"path":"/Users/leninortizreyes/Desktop/ZenTimerAppFront/ZenTimerAppFront/.expo/metro/externals/console/index.js","statementMap":{"0":{"start":{"line":1,"column":0},"end":{"line":1,"column":52}}},"fnMap":{},"branchMap":{},"s":{"0":0},"f":{},"b":{}}
,"/Users/leninortizreyes/Desktop/ZenTimerAppFront/ZenTimerAppFront/.expo/metro/externals/constants/index.js": {"path":"/Users/leninortizreyes/Desktop/ZenTimerAppFront/ZenTimerAppFront/.expo/metro/externals/constants/index.js","statementMap":{"0":{"start":{"line":1,"column":0},"end":{"line":1,"column":54}}},"fnMap":{},"branchMap":{},"s":{"0":0},"f":{},"b":{}}
,"/Users/leninortizreyes/Desktop/ZenTimerAppFront/ZenTimerAppFront/.expo/metro/externals/crypto/index.js": {"path":"/Users/leninortizreyes/Desktop/ZenTimerAppFront/ZenTimerAppFront/.expo/metro/externals/crypto/index.js","statementMap":{"0":{"start":{"line":1,"column":0},"end":{"line":1,"column":51}}},"fnMap":{},"branchMap":{},"s":{"0":0},"f":{},"b":{}}
,"/Users/leninortizreyes/Desktop/ZenTimerAppFront/ZenTimerAppFront/.expo/metro/externals/dgram/index.js": {"path":"/Users/leninortizreyes/Desktop/ZenTimerAppFront/ZenTimerAppFront/.expo/metro/externals/dgram/index.js","statementMap":{"0":{"start":{"line":1,"column":0},"end":{"line":1,"column":50}}},"fnMap":{},"branchMap":{},"s":{"0":0},"f":{},"b":{}}
,"/Users/leninortizreyes/Desktop/ZenTimerAppFront/ZenTimerAppFront/.expo/metro/externals/diagnostics_channel/index.js": {"path":"/Users/leninortizreyes/Desktop/ZenTimerAppFront/ZenTimerAppFront/.expo/metro/externals/diagnostics_channel/index.js","statementMap":{"0":{"start":{"line":1,"column":0},"end":{"line":1,"column":64}}},"fnMap":{},"branchMap":{},"s":{"0":0},"f":{},"b":{}}
,"/Users/leninortizreyes/Desktop/ZenTimerAppFront/ZenTimerAppFront/.expo/metro/externals/dns/index.js": {"path":"/Users/leninortizreyes/Desktop/ZenTimerAppFront/ZenTimerAppFront/.expo/metro/externals/dns/index.js","statementMap":{"0":{"start":{"line":1,"column":0},"end":{"line":1,"column":48}}},"fnMap":{},"branchMap":{},"s":{"0":0},"f":{},"b":{}}
,"/Users/leninortizreyes/Desktop/ZenTimerAppFront/ZenTimerAppFront/.expo/metro/externals/domain/index.js": {"path":"/Users/leninortizreyes/Desktop/ZenTimerAppFront/ZenTimerAppFront/.expo/metro/externals/domain/index.js","statementMap":{"0":{"start":{"line":1,"column":0},"end":{"line":1,"column":51}}},"fnMap":{},"branchMap":{},"s":{"0":0},"f":{},"b":{}}
,"/Users/leninortizreyes/Desktop/ZenTimerAppFront/ZenTimerAppFront/.expo/metro/externals/events/index.js": {"path":"/Users/leninortizreyes/Desktop/ZenTimerAppFront/ZenTimerAppFront/.expo/metro/externals/events/index.js","statementMap":{"0":{"start":{"line":1,"column":0},"end":{"line":1,"column":51}}},"fnMap":{},"branchMap":{},"s":{"0":0},"f":{},"b":{}}
,"/Users/leninortizreyes/Desktop/ZenTimerAppFront/ZenTimerAppFront/.expo/metro/externals/fs/index.js": {"path":"/Users/leninortizreyes/Desktop/ZenTimerAppFront/ZenTimerAppFront/.expo/metro/externals/fs/index.js","statementMap":{"0":{"start":{"line":1,"column":0},"end":{"line":1,"column":47}}},"fnMap":{},"branchMap":{},"s":{"0":0},"f":{},"b":{}}
,"/Users/leninortizreyes/Desktop/ZenTimerAppFront/ZenTimerAppFront/.expo/metro/externals/fs/promises/index.js": {"path":"/Users/leninortizreyes/Desktop/ZenTimerAppFront/ZenTimerAppFront/.expo/metro/externals/fs/promises/index.js","statementMap":{"0":{"start":{"line":1,"column":0},"end":{"line":1,"column":56}}},"fnMap":{},"branchMap":{},"s":{"0":0},"f":{},"b":{}}
,"/Users/leninortizreyes/Desktop/ZenTimerAppFront/ZenTimerAppFront/.expo/metro/externals/http/index.js": {"path":"/Users/leninortizreyes/Desktop/ZenTimerAppFront/ZenTimerAppFront/.expo/metro/externals/http/index.js","statementMap":{"0":{"start":{"line":1,"column":0},"end":{"line":1,"column":49}}},"fnMap":{},"branchMap":{},"s":{"0":0},"f":{},"b":{}}
,"/Users/leninortizreyes/Desktop/ZenTimerAppFront/ZenTimerAppFront/.expo/metro/externals/http2/index.js": {"path":"/Users/leninortizreyes/Desktop/ZenTimerAppFront/ZenTimerAppFront/.expo/metro/externals/http2/index.js","statementMap":{"0":{"start":{"line":1,"column":0},"end":{"line":1,"column":50}}},"fnMap":{},"branchMap":{},"s":{"0":0},"f":{},"b":{}}
,"/Users/leninortizreyes/Desktop/ZenTimerAppFront/ZenTimerAppFront/.expo/metro/externals/https/index.js": {"path":"/Users/leninortizreyes/Desktop/ZenTimerAppFront/ZenTimerAppFront/.expo/metro/externals/https/index.js","statementMap":{"0":{"start":{"line":1,"column":0},"end":{"line":1,"column":50}}},"fnMap":{},"branchMap":{},"s":{"0":0},"f":{},"b":{}}
,"/Users/leninortizreyes/Desktop/ZenTimerAppFront/ZenTimerAppFront/.expo/metro/externals/inspector/index.js": {"path":"/Users/leninortizreyes/Desktop/ZenTimerAppFront/ZenTimerAppFront/.expo/metro/externals/inspector/index.js","statementMap":{"0":{"start":{"line":1,"column":0},"end":{"line":1,"column":54}}},"fnMap":{},"branchMap":{},"s":{"0":0},"f":{},"b":{}}
,"/Users/leninortizreyes/Desktop/ZenTimerAppFront/ZenTimerAppFront/.expo/metro/externals/module/index.js": {"path":"/Users/leninortizreyes/Desktop/ZenTimerAppFront/ZenTimerAppFront/.expo/metro/externals/module/index.js","statementMap":{"0":{"start":{"line":1,"column":0},"end":{"line":1,"column":51}}},"fnMap":{},"branchMap":{},"s":{"0":0},"f":{},"b":{}}
,"/Users/leninortizreyes/Desktop/ZenTimerAppFront/ZenTimerAppFront/.expo/metro/externals/net/index.js": {"path":"/Users/leninortizreyes/Desktop/ZenTimerAppFront/ZenTimerAppFront/.expo/metro/externals/net/index.js","statementMap":{"0":{"start":{"line":1,"column":0},"end":{"line":1,"column":48}}},"fnMap":{},"branchMap":{},"s":{"0":0},"f":{},"b":{}}
,"/Users/leninortizreyes/Desktop/ZenTimerAppFront/ZenTimerAppFront/.expo/metro/externals/os/index.js": {"path":"/Users/leninortizreyes/Desktop/ZenTimerAppFront/ZenTimerAppFront/.expo/metro/externals/os/index.js","statementMap":{"0":{"start":{"line":1,"column":0},"end":{"line":1,"column":47}}},"fnMap":{},"branchMap":{},"s":{"0":0},"f":{},"b":{}}
,"/Users/leninortizreyes/Desktop/ZenTimerAppFront/ZenTimerAppFront/.expo/metro/externals/path/index.js": {"path":"/Users/leninortizreyes/Desktop/ZenTimerAppFront/ZenTimerAppFront/.expo/metro/externals/path/index.js","statementMap":{"0":{"start":{"line":1,"column":0},"end":{"line":1,"column":49}}},"fnMap":{},"branchMap":{},"s":{"0":0},"f":{},"b":{}}
,"/Users/leninortizreyes/Desktop/ZenTimerAppFront/ZenTimerAppFront/.expo/metro/externals/perf_hooks/index.js": {"path":"/Users/leninortizreyes/Desktop/ZenTimerAppFront/ZenTimerAppFront/.expo/metro/externals/perf_hooks/index.js","statementMap":{"0":{"start":{"line":1,"column":0},"end":{"line":1,"column":55}}},"fnMap":{},"branchMap":{},"s":{"0":0},"f":{},"b":{}}
,"/Users/leninortizreyes/Desktop/ZenTimerAppFront/ZenTimerAppFront/.expo/metro/externals/process/index.js": {"path":"/Users/leninortizreyes/Desktop/ZenTimerAppFront/ZenTimerAppFront/.expo/metro/externals/process/index.js","statementMap":{"0":{"start":{"line":1,"column":0},"end":{"line":1,"column":52}}},"fnMap":{},"branchMap":{},"s":{"0":0},"f":{},"b":{}}
,"/Users/leninortizreyes/Desktop/ZenTimerAppFront/ZenTimerAppFront/.expo/metro/externals/punycode/index.js": {"path":"/Users/leninortizreyes/Desktop/ZenTimerAppFront/ZenTimerAppFront/.expo/metro/externals/punycode/index.js","statementMap":{"0":{"start":{"line":1,"column":0},"end":{"line":1,"column":53}}},"fnMap":{},"branchMap":{},"s":{"0":0},"f":{},"b":{}}
,"/Users/leninortizreyes/Desktop/ZenTimerAppFront/ZenTimerAppFront/.expo/metro/externals/querystring/index.js": {"path":"/Users/leninortizreyes/Desktop/ZenTimerAppFront/ZenTimerAppFront/.expo/metro/externals/querystring/index.js","statementMap":{"0":{"start":{"line":1,"column":0},"end":{"line":1,"column":56}}},"fnMap":{},"branchMap":{},"s":{"0":0},"f":{},"b":{}}
,"/Users/leninortizreyes/Desktop/ZenTimerAppFront/ZenTimerAppFront/.expo/metro/externals/readline/index.js": {"path":"/Users/leninortizreyes/Desktop/ZenTimerAppFront/ZenTimerAppFront/.expo/metro/externals/readline/index.js","statementMap":{"0":{"start":{"line":1,"column":0},"end":{"line":1,"column":53}}},"fnMap":{},"branchMap":{},"s":{"0":0},"f":{},"b":{}}
,"/Users/leninortizreyes/Desktop/ZenTimerAppFront/ZenTimerAppFront/.expo/metro/externals/repl/index.js": {"path":"/Users/leninortizreyes/Desktop/ZenTimerAppFront/ZenTimerAppFront/.expo/metro/externals/repl/index.js","statementMap":{"0":{"start":{"line":1,"column":0},"end":{"line":1,"column":49}}},"fnMap":{},"branchMap":{},"s":{"0":0},"f":{},"b":{}}
,"/Users/leninortizreyes/Desktop/ZenTimerAppFront/ZenTimerAppFront/.expo/metro/externals/stream/index.js": {"path":"/Users/leninortizreyes/Desktop/ZenTimerAppFront/ZenTimerAppFront/.expo/metro/externals/stream/index.js","statementMap":{"0":{"start":{"line":1,"column":0},"end":{"line":1,"column":51}}},"fnMap":{},"branchMap":{},"s":{"0":0},"f":{},"b":{}}
,"/Users/leninortizreyes/Desktop/ZenTimerAppFront/ZenTimerAppFront/.expo/metro/externals/string_decoder/index.js": {"path":"/Users/leninortizreyes/Desktop/ZenTimerAppFront/ZenTimerAppFront/.expo/metro/externals/string_decoder/index.js","statementMap":{"0":{"start":{"line":1,"column":0},"end":{"line":1,"column":59}}},"fnMap":{},"branchMap":{},"s":{"0":0},"f":{},"b":{}}
,"/Users/leninortizreyes/Desktop/ZenTimerAppFront/ZenTimerAppFront/.expo/metro/externals/timers/index.js": {"path":"/Users/leninortizreyes/Desktop/ZenTimerAppFront/ZenTimerAppFront/.expo/metro/externals/timers/index.js","statementMap":{"0":{"start":{"line":1,"column":0},"end":{"line":1,"column":51}}},"fnMap":{},"branchMap":{},"s":{"0":0},"f":{},"b":{}}
,"/Users/leninortizreyes/Desktop/ZenTimerAppFront/ZenTimerAppFront/.expo/metro/externals/tls/index.js": {"path":"/Users/leninortizreyes/Desktop/ZenTimerAppFront/ZenTimerAppFront/.expo/metro/externals/tls/index.js","statementMap":{"0":{"start":{"line":1,"column":0},"end":{"line":1,"column":48}}},"fnMap":{},"branchMap":{},"s":{"0":0},"f":{},"b":{}}
,"/Users/leninortizreyes/Desktop/ZenTimerAppFront/ZenTimerAppFront/.expo/metro/externals/trace_events/index.js": {"path":"/Users/leninortizreyes/Desktop/ZenTimerAppFront/ZenTimerAppFront/.expo/metro/externals/trace_events/index.js","statementMap":{"0":{"start":{"line":1,"column":0},"end":{"line":1,"column":57}}},"fnMap":{},"branchMap":{},"s":{"0":0},"f":{},"b":{}}
,"/Users/leninortizreyes/Desktop/ZenTimerAppFront/ZenTimerAppFront/.expo/metro/externals/tty/index.js": {"path":"/Users/leninortizreyes/Desktop/ZenTimerAppFront/ZenTimerAppFront/.expo/metro/externals/tty/index.js","statementMap":{"0":{"start":{"line":1,"column":0},"end":{"line":1,"column":48}}},"fnMap":{},"branchMap":{},"s":{"0":0},"f":{},"b":{}}
,"/Users/leninortizreyes/Desktop/ZenTimerAppFront/ZenTimerAppFront/.expo/metro/externals/url/index.js": {"path":"/Users/leninortizreyes/Desktop/ZenTimerAppFront/ZenTimerAppFront/.expo/metro/externals/url/index.js","statementMap":{"0":{"start":{"line":1,"column":0},"end":{"line":1,"column":48}}},"fnMap":{},"branchMap":{},"s":{"0":0},"f":{},"b":{}}
,"/Users/leninortizreyes/Desktop/ZenTimerAppFront/ZenTimerAppFront/.expo/metro/externals/util/index.js": {"path":"/Users/leninortizreyes/Desktop/ZenTimerAppFront/ZenTimerAppFront/.expo/metro/externals/util/index.js","statementMap":{"0":{"start":{"line":1,"column":0},"end":{"line":1,"column":49}}},"fnMap":{},"branchMap":{},"s":{"0":0},"f":{},"b":{}}
,"/Users/leninortizreyes/Desktop/ZenTimerAppFront/ZenTimerAppFront/.expo/metro/externals/v8/index.js": {"path":"/Users/leninortizreyes/Desktop/ZenTimerAppFront/ZenTimerAppFront/.expo/metro/externals/v8/index.js","statementMap":{"0":{"start":{"line":1,"column":0},"end":{"line":1,"column":47}}},"fnMap":{},"branchMap":{},"s":{"0":0},"f":{},"b":{}}
,"/Users/leninortizreyes/Desktop/ZenTimerAppFront/ZenTimerAppFront/.expo/metro/externals/vm/index.js": {"path":"/Users/leninortizreyes/Desktop/ZenTimerAppFront/ZenTimerAppFront/.expo/metro/externals/vm/index.js","statementMap":{"0":{"start":{"line":1,"column":0},"end":{"line":1,"column":47}}},"fnMap":{},"branchMap":{},"s":{"0":0},"f":{},"b":{}}
,"/Users/leninortizreyes/Desktop/ZenTimerAppFront/ZenTimerAppFront/.expo/metro/externals/worker_threads/index.js": {"path":"/Users/leninortizreyes/Desktop/ZenTimerAppFront/ZenTimerAppFront/.expo/metro/externals/worker_threads/index.js","statementMap":{"0":{"start":{"line":1,"column":0},"end":{"line":1,"column":59}}},"fnMap":{},"branchMap":{},"s":{"0":0},"f":{},"b":{}}
,"/Users/leninortizreyes/Desktop/ZenTimerAppFront/ZenTimerAppFront/.expo/metro/externals/zlib/index.js": {"path":"/Users/leninortizreyes/Desktop/ZenTimerAppFront/ZenTimerAppFront/.expo/metro/externals/zlib/index.js","statementMap":{"0":{"start":{"line":1,"column":0},"end":{"line":1,"column":49}}},"fnMap":{},"branchMap":{},"s":{"0":0},"f":{},"b":{}}
,"/Users/leninortizreyes/Desktop/ZenTimerAppFront/ZenTimerAppFront/.expo/metro/shims/react-native-web/dist/cjs/exports/AppRegistry/AppContainer.js": {"path":"/Users/leninortizreyes/Desktop/ZenTimerAppFront/ZenTimerAppFront/.expo/metro/shims/react-native-web/dist/cjs/exports/AppRegistry/AppContainer.js","statementMap":{"0":{"start":{"line":5,"column":2},"end":{"line":5,"column":18}},"1":{"start":{"line":8,"column":0},"end":{"line":10,"column":1}},"2":{"start":{"line":9,"column":2},"end":{"line":9,"column":44}},"3":{"start":{"line":12,"column":0},"end":{"line":12,"column":30}},"4":{"start":{"line":13,"column":0},"end":{"line":13,"column":38}}},"fnMap":{"0":{"name":"AppContainer","decl":{"start":{"line":4,"column":9},"end":{"line":4,"column":21}},"loc":{"start":{"line":4,"column":36},"end":{"line":6,"column":1}},"line":4}},"branchMap":{"0":{"loc":{"start":{"line":8,"column":0},"end":{"line":10,"column":1}},"type":"if","locations":[{"start":{"line":8,"column":0},"end":{"line":10,"column":1}},{"start":{},"end":{}}],"line":8}},"s":{"0":0,"1":0,"2":0,"3":0,"4":0},"f":{"0":0},"b":{"0":[0,0]}}
,"/Users/leninortizreyes/Desktop/ZenTimerAppFront/ZenTimerAppFront/.expo/metro/shims/react-native-web/dist/cjs/exports/BackHandler/index.js": {"path":"/Users/leninortizreyes/Desktop/ZenTimerAppFront/ZenTimerAppFront/.expo/metro/shims/react-native-web/dist/cjs/exports/BackHandler/index.js","statementMap":{"0":{"start":{"line":3,"column":0},"end":{"line":3,"column":54}},"1":{"start":{"line":4,"column":18},"end":{"line":8,"column":3}},"2":{"start":{"line":6,"column":29},"end":{"line":6,"column":54}},"3":{"start":{"line":9,"column":13},"end":{"line":9,"column":24}},"4":{"start":{"line":10,"column":0},"end":{"line":10,"column":65}}},"fnMap":{"0":{"name":"emptyFunction","decl":{"start":{"line":2,"column":9},"end":{"line":2,"column":22}},"loc":{"start":{"line":2,"column":25},"end":{"line":2,"column":27}},"line":2},"1":{"name":"(anonymous_1)","decl":{"start":{"line":6,"column":22},"end":{"line":6,"column":23}},"loc":{"start":{"line":6,"column":29},"end":{"line":6,"column":54}},"line":6}},"branchMap":{},"s":{"0":0,"1":0,"2":0,"3":0,"4":0},"f":{"0":0,"1":0},"b":{}}
,"/Users/leninortizreyes/Desktop/ZenTimerAppFront/ZenTimerAppFront/.expo/metro/shims/react-native-web/dist/exports/AppRegistry/AppContainer.js": {"path":"/Users/leninortizreyes/Desktop/ZenTimerAppFront/ZenTimerAppFront/.expo/metro/shims/react-native-web/dist/exports/AppRegistry/AppContainer.js","statementMap":{"0":{"start":{"line":5,"column":2},"end":{"line":5,"column":18}},"1":{"start":{"line":8,"column":0},"end":{"line":10,"column":1}},"2":{"start":{"line":9,"column":2},"end":{"line":9,"column":44}}},"fnMap":{"0":{"name":"AppContainer","decl":{"start":{"line":4,"column":9},"end":{"line":4,"column":21}},"loc":{"start":{"line":4,"column":36},"end":{"line":6,"column":1}},"line":4}},"branchMap":{"0":{"loc":{"start":{"line":8,"column":0},"end":{"line":10,"column":1}},"type":"if","locations":[{"start":{"line":8,"column":0},"end":{"line":10,"column":1}},{"start":{},"end":{}}],"line":8}},"s":{"0":0,"1":0,"2":0},"f":{"0":0},"b":{"0":[0,0]}}
,"/Users/leninortizreyes/Desktop/ZenTimerAppFront/ZenTimerAppFront/.expo/metro/shims/react-native-web/dist/exports/BackHandler/index.js": {"path":"/Users/leninortizreyes/Desktop/ZenTimerAppFront/ZenTimerAppFront/.expo/metro/shims/react-native-web/dist/exports/BackHandler/index.js","statementMap":{"0":{"start":{"line":2,"column":18},"end":{"line":6,"column":1}},"1":{"start":{"line":4,"column":27},"end":{"line":4,"column":52}}},"fnMap":{"0":{"name":"emptyFunction","decl":{"start":{"line":1,"column":9},"end":{"line":1,"column":22}},"loc":{"start":{"line":1,"column":25},"end":{"line":1,"column":27}},"line":1},"1":{"name":"(anonymous_1)","decl":{"start":{"line":4,"column":20},"end":{"line":4,"column":21}},"loc":{"start":{"line":4,"column":27},"end":{"line":4,"column":52}},"line":4}},"branchMap":{},"s":{"0":0,"1":0},"f":{"0":0,"1":0},"b":{}}
,"/Users/leninortizreyes/Desktop/ZenTimerAppFront/ZenTimerAppFront/actions/counterActions.js": {"path":"/Users/leninortizreyes/Desktop/ZenTimerAppFront/ZenTimerAppFront/actions/counterActions.js","statementMap":{"0":{"start":{"line":1,"column":32},"end":{"line":1,"column":50}},"1":{"start":{"line":2,"column":34},"end":{"line":2,"column":54}},"2":{"start":{"line":3,"column":32},"end":{"line":3,"column":50}},"3":{"start":{"line":4,"column":34},"end":{"line":4,"column":54}},"4":{"start":{"line":5,"column":27},"end":{"line":5,"column":40}},"5":{"start":{"line":6,"column":34},"end":{"line":6,"column":54}},"6":{"start":{"line":8,"column":30},"end":{"line":13,"column":1}},"7":{"start":{"line":9,"column":2},"end":{"line":12,"column":4}},"8":{"start":{"line":15,"column":32},"end":{"line":20,"column":1}},"9":{"start":{"line":16,"column":2},"end":{"line":19,"column":4}},"10":{"start":{"line":22,"column":30},"end":{"line":27,"column":1}},"11":{"start":{"line":23,"column":2},"end":{"line":26,"column":4}},"12":{"start":{"line":29,"column":32},"end":{"line":34,"column":1}},"13":{"start":{"line":30,"column":2},"end":{"line":33,"column":4}},"14":{"start":{"line":36,"column":26},"end":{"line":41,"column":1}},"15":{"start":{"line":37,"column":2},"end":{"line":40,"column":4}},"16":{"start":{"line":43,"column":28},"end":{"line":48,"column":1}},"17":{"start":{"line":44,"column":2},"end":{"line":47,"column":4}}},"fnMap":{"0":{"name":"(anonymous_0)","decl":{"start":{"line":8,"column":30},"end":{"line":8,"column":31}},"loc":{"start":{"line":8,"column":48},"end":{"line":13,"column":1}},"line":8},"1":{"name":"(anonymous_1)","decl":{"start":{"line":15,"column":32},"end":{"line":15,"column":33}},"loc":{"start":{"line":15,"column":52},"end":{"line":20,"column":1}},"line":15},"2":{"name":"(anonymous_2)","decl":{"start":{"line":22,"column":30},"end":{"line":22,"column":31}},"loc":{"start":{"line":22,"column":48},"end":{"line":27,"column":1}},"line":22},"3":{"name":"(anonymous_3)","decl":{"start":{"line":29,"column":32},"end":{"line":29,"column":33}},"loc":{"start":{"line":29,"column":52},"end":{"line":34,"column":1}},"line":29},"4":{"name":"(anonymous_4)","decl":{"start":{"line":36,"column":26},"end":{"line":36,"column":27}},"loc":{"start":{"line":36,"column":40},"end":{"line":41,"column":1}},"line":36},"5":{"name":"(anonymous_5)","decl":{"start":{"line":43,"column":28},"end":{"line":43,"column":29}},"loc":{"start":{"line":43,"column":47},"end":{"line":48,"column":1}},"line":43}},"branchMap":{},"s":{"0":1,"1":1,"2":1,"3":1,"4":1,"5":1,"6":1,"7":4,"8":1,"9":130,"10":1,"11":130,"12":1,"13":2,"14":1,"15":9,"16":1,"17":0},"f":{"0":4,"1":130,"2":130,"3":2,"4":9,"5":0},"b":{},"_coverageSchema":"1a1c01bbd47fc00a2c39e90264f33305004495a9","hash":"a3eebe98f5f9bc89de199a0da90ef4bd75c82950"}
,"/Users/leninortizreyes/Desktop/ZenTimerAppFront/ZenTimerAppFront/component/Banner/Banner.js": {"path":"/Users/leninortizreyes/Desktop/ZenTimerAppFront/ZenTimerAppFront/component/Banner/Banner.js","statementMap":{"0":{"start":{"line":13,"column":15},"end":{"line":34,"column":1}},"1":{"start":{"line":14,"column":21},"end":{"line":14,"column":36}},"2":{"start":{"line":16,"column":2},"end":{"line":33,"column":4}},"3":{"start":{"line":19,"column":31},"end":{"line":19,"column":65}},"4":{"start":{"line":23,"column":31},"end":{"line":23,"column":69}},"5":{"start":{"line":27,"column":31},"end":{"line":27,"column":66}}},"fnMap":{"0":{"name":"(anonymous_0)","decl":{"start":{"line":13,"column":15},"end":{"line":13,"column":16}},"loc":{"start":{"line":13,"column":21},"end":{"line":34,"column":1}},"line":13},"1":{"name":"(anonymous_1)","decl":{"start":{"line":19,"column":25},"end":{"line":19,"column":26}},"loc":{"start":{"line":19,"column":31},"end":{"line":19,"column":65}},"line":19},"2":{"name":"(anonymous_2)","decl":{"start":{"line":23,"column":25},"end":{"line":23,"column":26}},"loc":{"start":{"line":23,"column":31},"end":{"line":23,"column":69}},"line":23},"3":{"name":"(anonymous_3)","decl":{"start":{"line":27,"column":25},"end":{"line":27,"column":26}},"loc":{"start":{"line":27,"column":31},"end":{"line":27,"column":66}},"line":27}},"branchMap":{},"s":{"0":0,"1":0,"2":0,"3":0,"4":0,"5":0},"f":{"0":0,"1":0,"2":0,"3":0},"b":{}}
,"/Users/leninortizreyes/Desktop/ZenTimerAppFront/ZenTimerAppFront/component/Banner/BannerStyles.js": {"path":"/Users/leninortizreyes/Desktop/ZenTimerAppFront/ZenTimerAppFront/component/Banner/BannerStyles.js","statementMap":{"0":{"start":{"line":5,"column":35},"end":{"line":5,"column":41}},"1":{"start":{"line":7,"column":31},"end":{"line":13,"column":1}},"2":{"start":{"line":15,"column":31},"end":{"line":20,"column":1}},"3":{"start":{"line":22,"column":22},"end":{"line":27,"column":1}},"4":{"start":{"line":29,"column":26},"end":{"line":32,"column":1}}},"fnMap":{},"branchMap":{},"s":{"0":0,"1":0,"2":0,"3":0,"4":0},"f":{},"b":{}}
,"/Users/leninortizreyes/Desktop/ZenTimerAppFront/ZenTimerAppFront/component/KeyboardAvoider/KeyboardAvoider.js": {"path":"/Users/leninortizreyes/Desktop/ZenTimerAppFront/ZenTimerAppFront/component/KeyboardAvoider/KeyboardAvoider.js","statementMap":{"0":{"start":{"line":10,"column":24},"end":{"line":29,"column":1}},"1":{"start":{"line":11,"column":38},"end":{"line":11,"column":59}},"2":{"start":{"line":13,"column":2},"end":{"line":28,"column":4}},"3":{"start":{"line":31,"column":15},"end":{"line":37,"column":1}}},"fnMap":{"0":{"name":"(anonymous_0)","decl":{"start":{"line":10,"column":24},"end":{"line":10,"column":25}},"loc":{"start":{"line":10,"column":42},"end":{"line":29,"column":1}},"line":10}},"branchMap":{"0":{"loc":{"start":{"line":13,"column":9},"end":{"line":28,"column":3}},"type":"cond-expr","locations":[{"start":{"line":14,"column":4},"end":{"line":25,"column":27}},{"start":{"line":27,"column":4},"end":{"line":27,"column":19}}],"line":13},"1":{"loc":{"start":{"line":16,"column":16},"end":{"line":16,"column":56}},"type":"cond-expr","locations":[{"start":{"line":16,"column":40},"end":{"line":16,"column":49}},{"start":{"line":16,"column":52},"end":{"line":16,"column":56}}],"line":16}},"s":{"0":0,"1":0,"2":0,"3":0},"f":{"0":0},"b":{"0":[0,0],"1":[0,0]}}
,"/Users/leninortizreyes/Desktop/ZenTimerAppFront/ZenTimerAppFront/component/ResendTimer/ResendTimer.js": {"path":"/Users/leninortizreyes/Desktop/ZenTimerAppFront/ZenTimerAppFront/component/ResendTimer/ResendTimer.js","statementMap":{"0":{"start":{"line":12,"column":21},"end":{"line":12,"column":27}},"1":{"start":{"line":14,"column":20},"end":{"line":62,"column":1}},"2":{"start":{"line":22,"column":2},"end":{"line":61,"column":4}}},"fnMap":{"0":{"name":"(anonymous_0)","decl":{"start":{"line":14,"column":20},"end":{"line":14,"column":21}},"loc":{"start":{"line":21,"column":6},"end":{"line":62,"column":1}},"line":21}},"branchMap":{"0":{"loc":{"start":{"line":27,"column":9},"end":{"line":42,"column":9}},"type":"binary-expr","locations":[{"start":{"line":27,"column":9},"end":{"line":27,"column":24}},{"start":{"line":28,"column":10},"end":{"line":41,"column":21}}],"line":27},"1":{"loc":{"start":{"line":30,"column":21},"end":{"line":30,"column":54}},"type":"cond-expr","locations":[{"start":{"line":30,"column":36},"end":{"line":30,"column":47}},{"start":{"line":30,"column":50},"end":{"line":30,"column":54}}],"line":30},"2":{"loc":{"start":{"line":34,"column":25},"end":{"line":34,"column":47}},"type":"cond-expr","locations":[{"start":{"line":34,"column":40},"end":{"line":34,"column":41}},{"start":{"line":34,"column":44},"end":{"line":34,"column":47}}],"line":34},"3":{"loc":{"start":{"line":44,"column":9},"end":{"line":53,"column":9}},"type":"binary-expr","locations":[{"start":{"line":44,"column":9},"end":{"line":44,"column":23}},{"start":{"line":45,"column":10},"end":{"line":52,"column":21}}],"line":44},"4":{"loc":{"start":{"line":55,"column":7},"end":{"line":59,"column":7}},"type":"binary-expr","locations":[{"start":{"line":55,"column":7},"end":{"line":55,"column":20}},{"start":{"line":56,"column":8},"end":{"line":58,"column":19}}],"line":55},"5":{"loc":{"start":{"line":57,"column":29},"end":{"line":57,"column":51}},"type":"binary-expr","locations":[{"start":{"line":57,"column":29},"end":{"line":57,"column":37}},{"start":{"line":57,"column":41},"end":{"line":57,"column":51}}],"line":57}},"s":{"0":0,"1":0,"2":0},"f":{"0":0},"b":{"0":[0,0],"1":[0,0],"2":[0,0],"3":[0,0],"4":[0,0],"5":[0,0]}}
,"/Users/leninortizreyes/Desktop/ZenTimerAppFront/ZenTimerAppFront/component/ResendTimer/ResendTimerStyles.js": {"path":"/Users/leninortizreyes/Desktop/ZenTimerAppFront/ZenTimerAppFront/component/ResendTimer/ResendTimerStyles.js","statementMap":{"0":{"start":{"line":5,"column":33},"end":{"line":5,"column":39}},"1":{"start":{"line":7,"column":14},"end":{"line":7,"column":23}},"2":{"start":{"line":8,"column":12},"end":{"line":8,"column":21}},"3":{"start":{"line":10,"column":24},"end":{"line":14,"column":1}},"4":{"start":{"line":16,"column":29},"end":{"line":19,"column":1}},"5":{"start":{"line":21,"column":27},"end":{"line":26,"column":1}},"6":{"start":{"line":28,"column":24},"end":{"line":31,"column":1}},"7":{"start":{"line":33,"column":31},"end":{"line":45,"column":1}},"8":{"start":{"line":38,"column":29},"end":{"line":38,"column":34}},"9":{"start":{"line":39,"column":4},"end":{"line":43,"column":5}},"10":{"start":{"line":40,"column":6},"end":{"line":40,"column":29}},"11":{"start":{"line":41,"column":11},"end":{"line":43,"column":5}},"12":{"start":{"line":42,"column":6},"end":{"line":42,"column":31}}},"fnMap":{"0":{"name":"(anonymous_0)","decl":{"start":{"line":37,"column":4},"end":{"line":37,"column":5}},"loc":{"start":{"line":37,"column":13},"end":{"line":44,"column":3}},"line":37}},"branchMap":{"0":{"loc":{"start":{"line":39,"column":4},"end":{"line":43,"column":5}},"type":"if","locations":[{"start":{"line":39,"column":4},"end":{"line":43,"column":5}},{"start":{"line":41,"column":11},"end":{"line":43,"column":5}}],"line":39},"1":{"loc":{"start":{"line":41,"column":11},"end":{"line":43,"column":5}},"type":"if","locations":[{"start":{"line":41,"column":11},"end":{"line":43,"column":5}},{"start":{},"end":{}}],"line":41}},"s":{"0":0,"1":0,"2":0,"3":0,"4":0,"5":0,"6":0,"7":0,"8":0,"9":0,"10":0,"11":0,"12":0},"f":{"0":0},"b":{"0":[0,0],"1":[0,0]}}
,"/Users/leninortizreyes/Desktop/ZenTimerAppFront/ZenTimerAppFront/component/Shared/SharedUrl.js": {"path":"/Users/leninortizreyes/Desktop/ZenTimerAppFront/ZenTimerAppFront/component/Shared/SharedUrl.js","statementMap":{"0":{"start":{"line":4,"column":2},"end":{"line":4,"column":70}},"1":{"start":{"line":6,"column":0},"end":{"line":6,"column":35}},"2":{"start":{"line":7,"column":0},"end":{"line":7,"column":57}},"3":{"start":{"line":8,"column":0},"end":{"line":8,"column":55}}},"fnMap":{},"branchMap":{"0":{"loc":{"start":{"line":4,"column":2},"end":{"line":4,"column":70}},"type":"cond-expr","locations":[{"start":{"line":4,"column":30},"end":{"line":4,"column":48}},{"start":{"line":4,"column":51},"end":{"line":4,"column":70}}],"line":4}},"s":{"0":0,"1":0,"2":0,"3":0},"f":{},"b":{"0":[0,0]}}
,"/Users/leninortizreyes/Desktop/ZenTimerAppFront/ZenTimerAppFront/component/TextInputLoginScreen/TextInputLoginScreen.js": {"path":"/Users/leninortizreyes/Desktop/ZenTimerAppFront/ZenTimerAppFront/component/TextInputLoginScreen/TextInputLoginScreen.js","statementMap":{"0":{"start":{"line":12,"column":28},"end":{"line":12,"column":34}},"1":{"start":{"line":14,"column":29},"end":{"line":50,"column":1}},"2":{"start":{"line":22,"column":6},"end":{"line":22,"column":11}},"3":{"start":{"line":24,"column":2},"end":{"line":49,"column":4}},"4":{"start":{"line":36,"column":25},"end":{"line":36,"column":55}},"5":{"start":{"line":43,"column":27},"end":{"line":43,"column":57}}},"fnMap":{"0":{"name":"(anonymous_0)","decl":{"start":{"line":14,"column":29},"end":{"line":14,"column":30}},"loc":{"start":{"line":14,"column":38},"end":{"line":50,"column":1}},"line":14},"1":{"name":"(anonymous_1)","decl":{"start":{"line":36,"column":19},"end":{"line":36,"column":20}},"loc":{"start":{"line":36,"column":25},"end":{"line":36,"column":55}},"line":36},"2":{"name":"(anonymous_2)","decl":{"start":{"line":43,"column":21},"end":{"line":43,"column":22}},"loc":{"start":{"line":43,"column":27},"end":{"line":43,"column":57}},"line":43}},"branchMap":{"0":{"loc":{"start":{"line":34,"column":7},"end":{"line":47,"column":7}},"type":"binary-expr","locations":[{"start":{"line":34,"column":7},"end":{"line":34,"column":17}},{"start":{"line":35,"column":8},"end":{"line":46,"column":20}}],"line":34},"1":{"loc":{"start":{"line":40,"column":18},"end":{"line":40,"column":50}},"type":"cond-expr","locations":[{"start":{"line":40,"column":33},"end":{"line":40,"column":38}},{"start":{"line":40,"column":41},"end":{"line":40,"column":50}}],"line":40}},"s":{"0":0,"1":0,"2":0,"3":0,"4":0,"5":0},"f":{"0":0,"1":0,"2":0},"b":{"0":[0,0],"1":[0,0]}}
,"/Users/leninortizreyes/Desktop/ZenTimerAppFront/ZenTimerAppFront/component/TextInputSignupScreen/TextInputSignupScreen.js": {"path":"/Users/leninortizreyes/Desktop/ZenTimerAppFront/ZenTimerAppFront/component/TextInputSignupScreen/TextInputSignupScreen.js","statementMap":{"0":{"start":{"line":12,"column":28},"end":{"line":12,"column":34}},"1":{"start":{"line":14,"column":30},"end":{"line":60,"column":1}},"2":{"start":{"line":24,"column":6},"end":{"line":24,"column":11}},"3":{"start":{"line":26,"column":2},"end":{"line":59,"column":4}},"4":{"start":{"line":48,"column":25},"end":{"line":48,"column":55}}},"fnMap":{"0":{"name":"(anonymous_0)","decl":{"start":{"line":14,"column":30},"end":{"line":14,"column":31}},"loc":{"start":{"line":14,"column":39},"end":{"line":60,"column":1}},"line":14},"1":{"name":"(anonymous_1)","decl":{"start":{"line":48,"column":19},"end":{"line":48,"column":20}},"loc":{"start":{"line":48,"column":25},"end":{"line":48,"column":55}},"line":48}},"branchMap":{"0":{"loc":{"start":{"line":32,"column":7},"end":{"line":37,"column":7}},"type":"binary-expr","locations":[{"start":{"line":32,"column":7},"end":{"line":32,"column":14}},{"start":{"line":33,"column":8},"end":{"line":36,"column":10}}],"line":32},"1":{"loc":{"start":{"line":38,"column":7},"end":{"line":45,"column":7}},"type":"binary-expr","locations":[{"start":{"line":38,"column":7},"end":{"line":38,"column":13}},{"start":{"line":39,"column":8},"end":{"line":44,"column":20}}],"line":38},"2":{"loc":{"start":{"line":46,"column":7},"end":{"line":57,"column":7}},"type":"binary-expr","locations":[{"start":{"line":46,"column":7},"end":{"line":46,"column":17}},{"start":{"line":47,"column":8},"end":{"line":56,"column":20}}],"line":46},"3":{"loc":{"start":{"line":52,"column":18},"end":{"line":52,"column":50}},"type":"cond-expr","locations":[{"start":{"line":52,"column":33},"end":{"line":52,"column":38}},{"start":{"line":52,"column":41},"end":{"line":52,"column":50}}],"line":52}},"s":{"0":0,"1":0,"2":0,"3":0,"4":0},"f":{"0":0,"1":0},"b":{"0":[0,0],"1":[0,0],"2":[0,0],"3":[0,0]}}
,"/Users/leninortizreyes/Desktop/ZenTimerAppFront/ZenTimerAppFront/context/credentialsContext.js": {"path":"/Users/leninortizreyes/Desktop/ZenTimerAppFront/ZenTimerAppFront/context/credentialsContext.js","statementMap":{"0":{"start":{"line":3,"column":34},"end":{"line":6,"column":2}}},"fnMap":{"0":{"name":"(anonymous_0)","decl":{"start":{"line":5,"column":24},"end":{"line":5,"column":25}},"loc":{"start":{"line":5,"column":30},"end":{"line":5,"column":32}},"line":5}},"branchMap":{},"s":{"0":0},"f":{"0":0},"b":{}}
,"/Users/leninortizreyes/Desktop/ZenTimerAppFront/ZenTimerAppFront/cypress/e2e/loginScreenTest.cy.js": {"path":"/Users/leninortizreyes/Desktop/ZenTimerAppFront/ZenTimerAppFront/cypress/e2e/loginScreenTest.cy.js","statementMap":{"0":{"start":{"line":1,"column":0},"end":{"line":116,"column":3}},"1":{"start":{"line":2,"column":2},"end":{"line":53,"column":5}},"2":{"start":{"line":4,"column":4},"end":{"line":4,"column":44}},"3":{"start":{"line":7,"column":4},"end":{"line":7,"column":56}},"4":{"start":{"line":10,"column":4},"end":{"line":12,"column":39}},"5":{"start":{"line":15,"column":4},"end":{"line":17,"column":44}},"6":{"start":{"line":20,"column":4},"end":{"line":20,"column":58}},"7":{"start":{"line":23,"column":4},"end":{"line":23,"column":61}},"8":{"start":{"line":26,"column":4},"end":{"line":26,"column":54}},"9":{"start":{"line":29,"column":4},"end":{"line":29,"column":51}},"10":{"start":{"line":32,"column":4},"end":{"line":34,"column":36}},"11":{"start":{"line":37,"column":4},"end":{"line":39,"column":50}},"12":{"start":{"line":42,"column":4},"end":{"line":42,"column":58}},"13":{"start":{"line":45,"column":4},"end":{"line":47,"column":65}},"14":{"start":{"line":50,"column":4},"end":{"line":52,"column":37}},"15":{"start":{"line":55,"column":2},"end":{"line":71,"column":5}},"16":{"start":{"line":57,"column":4},"end":{"line":57,"column":44}},"17":{"start":{"line":59,"column":22},"end":{"line":59,"column":44}},"18":{"start":{"line":60,"column":25},"end":{"line":60,"column":38}},"19":{"start":{"line":63,"column":4},"end":{"line":65,"column":39}},"20":{"start":{"line":68,"column":4},"end":{"line":70,"column":42}},"21":{"start":{"line":73,"column":2},"end":{"line":93,"column":5}},"22":{"start":{"line":75,"column":4},"end":{"line":75,"column":44}},"23":{"start":{"line":77,"column":22},"end":{"line":77,"column":45}},"24":{"start":{"line":78,"column":25},"end":{"line":78,"column":42}},"25":{"start":{"line":81,"column":4},"end":{"line":81,"column":58}},"26":{"start":{"line":83,"column":4},"end":{"line":83,"column":64}},"27":{"start":{"line":85,"column":4},"end":{"line":85,"column":58}},"28":{"start":{"line":87,"column":4},"end":{"line":92,"column":8}},"29":{"start":{"line":95,"column":2},"end":{"line":115,"column":5}},"30":{"start":{"line":97,"column":4},"end":{"line":97,"column":44}},"31":{"start":{"line":99,"column":22},"end":{"line":99,"column":42}},"32":{"start":{"line":100,"column":25},"end":{"line":100,"column":42}},"33":{"start":{"line":103,"column":4},"end":{"line":103,"column":58}},"34":{"start":{"line":105,"column":4},"end":{"line":105,"column":64}},"35":{"start":{"line":107,"column":4},"end":{"line":107,"column":58}},"36":{"start":{"line":109,"column":4},"end":{"line":114,"column":8}}},"fnMap":{"0":{"name":"(anonymous_0)","decl":{"start":{"line":1,"column":24},"end":{"line":1,"column":25}},"loc":{"start":{"line":1,"column":30},"end":{"line":116,"column":1}},"line":1},"1":{"name":"(anonymous_1)","decl":{"start":{"line":2,"column":47},"end":{"line":2,"column":48}},"loc":{"start":{"line":2,"column":53},"end":{"line":53,"column":3}},"line":2},"2":{"name":"(anonymous_2)","decl":{"start":{"line":55,"column":51},"end":{"line":55,"column":52}},"loc":{"start":{"line":55,"column":57},"end":{"line":71,"column":3}},"line":55},"3":{"name":"(anonymous_3)","decl":{"start":{"line":73,"column":48},"end":{"line":73,"column":49}},"loc":{"start":{"line":73,"column":54},"end":{"line":93,"column":3}},"line":73},"4":{"name":"(anonymous_4)","decl":{"start":{"line":95,"column":53},"end":{"line":95,"column":54}},"loc":{"start":{"line":95,"column":59},"end":{"line":115,"column":3}},"line":95}},"branchMap":{},"s":{"0":0,"1":0,"2":0,"3":0,"4":0,"5":0,"6":0,"7":0,"8":0,"9":0,"10":0,"11":0,"12":0,"13":0,"14":0,"15":0,"16":0,"17":0,"18":0,"19":0,"20":0,"21":0,"22":0,"23":0,"24":0,"25":0,"26":0,"27":0,"28":0,"29":0,"30":0,"31":0,"32":0,"33":0,"34":0,"35":0,"36":0},"f":{"0":0,"1":0,"2":0,"3":0,"4":0},"b":{}}
,"/Users/leninortizreyes/Desktop/ZenTimerAppFront/ZenTimerAppFront/cypress/e2e/signinScreenTest.cy.js": {"path":"/Users/leninortizreyes/Desktop/ZenTimerAppFront/ZenTimerAppFront/cypress/e2e/signinScreenTest.cy.js","statementMap":{"0":{"start":{"line":1,"column":0},"end":{"line":208,"column":3}},"1":{"start":{"line":2,"column":2},"end":{"line":55,"column":5}},"2":{"start":{"line":4,"column":4},"end":{"line":4,"column":44}},"3":{"start":{"line":7,"column":4},"end":{"line":7,"column":58}},"4":{"start":{"line":10,"column":4},"end":{"line":10,"column":17}},"5":{"start":{"line":13,"column":4},"end":{"line":15,"column":44}},"6":{"start":{"line":18,"column":4},"end":{"line":20,"column":46}},"7":{"start":{"line":23,"column":4},"end":{"line":23,"column":51}},"8":{"start":{"line":26,"column":4},"end":{"line":26,"column":58}},"9":{"start":{"line":29,"column":4},"end":{"line":29,"column":60}},"10":{"start":{"line":32,"column":4},"end":{"line":32,"column":61}},"11":{"start":{"line":35,"column":4},"end":{"line":35,"column":69}},"12":{"start":{"line":38,"column":4},"end":{"line":38,"column":54}},"13":{"start":{"line":41,"column":4},"end":{"line":41,"column":67}},"14":{"start":{"line":44,"column":4},"end":{"line":44,"column":51}},"15":{"start":{"line":47,"column":4},"end":{"line":49,"column":55}},"16":{"start":{"line":52,"column":4},"end":{"line":54,"column":36}},"17":{"start":{"line":57,"column":2},"end":{"line":113,"column":5}},"18":{"start":{"line":58,"column":4},"end":{"line":58,"column":44}},"19":{"start":{"line":61,"column":4},"end":{"line":61,"column":58}},"20":{"start":{"line":64,"column":4},"end":{"line":64,"column":17}},"21":{"start":{"line":66,"column":21},"end":{"line":66,"column":34}},"22":{"start":{"line":67,"column":22},"end":{"line":67,"column":44}},"23":{"start":{"line":68,"column":28},"end":{"line":68,"column":45}},"24":{"start":{"line":69,"column":25},"end":{"line":69,"column":35}},"25":{"start":{"line":70,"column":32},"end":{"line":70,"column":42}},"26":{"start":{"line":73,"column":4},"end":{"line":76,"column":38}},"27":{"start":{"line":79,"column":4},"end":{"line":82,"column":39}},"28":{"start":{"line":85,"column":4},"end":{"line":89,"column":45}},"29":{"start":{"line":92,"column":4},"end":{"line":95,"column":42}},"30":{"start":{"line":98,"column":4},"end":{"line":101,"column":49}},"31":{"start":{"line":104,"column":4},"end":{"line":104,"column":59}},"32":{"start":{"line":107,"column":4},"end":{"line":112,"column":8}},"33":{"start":{"line":115,"column":2},"end":{"line":131,"column":5}},"34":{"start":{"line":116,"column":4},"end":{"line":116,"column":44}},"35":{"start":{"line":119,"column":4},"end":{"line":119,"column":58}},"36":{"start":{"line":122,"column":4},"end":{"line":122,"column":17}},"37":{"start":{"line":125,"column":4},"end":{"line":125,"column":59}},"38":{"start":{"line":128,"column":4},"end":{"line":130,"column":57}},"39":{"start":{"line":133,"column":2},"end":{"line":152,"column":5}},"40":{"start":{"line":134,"column":4},"end":{"line":134,"column":44}},"41":{"start":{"line":137,"column":4},"end":{"line":137,"column":58}},"42":{"start":{"line":140,"column":4},"end":{"line":140,"column":17}},"43":{"start":{"line":143,"column":4},"end":{"line":143,"column":56}},"44":{"start":{"line":146,"column":4},"end":{"line":146,"column":56}},"45":{"start":{"line":149,"column":4},"end":{"line":151,"column":39}},"46":{"start":{"line":154,"column":2},"end":{"line":207,"column":5}},"47":{"start":{"line":155,"column":4},"end":{"line":155,"column":44}},"48":{"start":{"line":158,"column":4},"end":{"line":158,"column":58}},"49":{"start":{"line":161,"column":4},"end":{"line":161,"column":17}},"50":{"start":{"line":163,"column":21},"end":{"line":163,"column":34}},"51":{"start":{"line":164,"column":22},"end":{"line":164,"column":44}},"52":{"start":{"line":165,"column":28},"end":{"line":165,"column":45}},"53":{"start":{"line":166,"column":25},"end":{"line":166,"column":40}},"54":{"start":{"line":167,"column":32},"end":{"line":167,"column":42}},"55":{"start":{"line":170,"column":4},"end":{"line":173,"column":38}},"56":{"start":{"line":176,"column":4},"end":{"line":179,"column":39}},"57":{"start":{"line":182,"column":4},"end":{"line":186,"column":45}},"58":{"start":{"line":189,"column":4},"end":{"line":192,"column":42}},"59":{"start":{"line":195,"column":4},"end":{"line":198,"column":49}},"60":{"start":{"line":201,"column":4},"end":{"line":201,"column":59}},"61":{"start":{"line":204,"column":4},"end":{"line":206,"column":53}}},"fnMap":{"0":{"name":"(anonymous_0)","decl":{"start":{"line":1,"column":25},"end":{"line":1,"column":26}},"loc":{"start":{"line":1,"column":31},"end":{"line":208,"column":1}},"line":1},"1":{"name":"(anonymous_1)","decl":{"start":{"line":2,"column":89},"end":{"line":2,"column":90}},"loc":{"start":{"line":2,"column":95},"end":{"line":55,"column":3}},"line":2},"2":{"name":"(anonymous_2)","decl":{"start":{"line":57,"column":76},"end":{"line":57,"column":77}},"loc":{"start":{"line":57,"column":82},"end":{"line":113,"column":3}},"line":57},"3":{"name":"(anonymous_3)","decl":{"start":{"line":115,"column":79},"end":{"line":115,"column":80}},"loc":{"start":{"line":115,"column":85},"end":{"line":131,"column":3}},"line":115},"4":{"name":"(anonymous_4)","decl":{"start":{"line":133,"column":77},"end":{"line":133,"column":78}},"loc":{"start":{"line":133,"column":83},"end":{"line":152,"column":3}},"line":133},"5":{"name":"(anonymous_5)","decl":{"start":{"line":154,"column":84},"end":{"line":154,"column":85}},"loc":{"start":{"line":154,"column":90},"end":{"line":207,"column":3}},"line":154}},"branchMap":{},"s":{"0":0,"1":0,"2":0,"3":0,"4":0,"5":0,"6":0,"7":0,"8":0,"9":0,"10":0,"11":0,"12":0,"13":0,"14":0,"15":0,"16":0,"17":0,"18":0,"19":0,"20":0,"21":0,"22":0,"23":0,"24":0,"25":0,"26":0,"27":0,"28":0,"29":0,"30":0,"31":0,"32":0,"33":0,"34":0,"35":0,"36":0,"37":0,"38":0,"39":0,"40":0,"41":0,"42":0,"43":0,"44":0,"45":0,"46":0,"47":0,"48":0,"49":0,"50":0,"51":0,"52":0,"53":0,"54":0,"55":0,"56":0,"57":0,"58":0,"59":0,"60":0,"61":0},"f":{"0":0,"1":0,"2":0,"3":0,"4":0,"5":0},"b":{}}
,"/Users/leninortizreyes/Desktop/ZenTimerAppFront/ZenTimerAppFront/cypress/e2e/stopwatchScreenTest.cy.js": {"path":"/Users/leninortizreyes/Desktop/ZenTimerAppFront/ZenTimerAppFront/cypress/e2e/stopwatchScreenTest.cy.js","statementMap":{"0":{"start":{"line":13,"column":4},"end":{"line":13,"column":10}},"1":{"start":{"line":15,"column":0},"end":{"line":181,"column":3}},"2":{"start":{"line":16,"column":2},"end":{"line":18,"column":5}},"3":{"start":{"line":17,"column":4},"end":{"line":17,"column":44}},"4":{"start":{"line":21,"column":2},"end":{"line":81,"column":5}},"5":{"start":{"line":22,"column":4},"end":{"line":80,"column":7}},"6":{"start":{"line":23,"column":6},"end":{"line":23,"column":75}},"7":{"start":{"line":26,"column":6},"end":{"line":29,"column":8}},"8":{"start":{"line":32,"column":6},"end":{"line":39,"column":11}},"9":{"start":{"line":37,"column":32},"end":{"line":37,"column":72}},"10":{"start":{"line":38,"column":10},"end":{"line":38,"column":68}},"11":{"start":{"line":42,"column":6},"end":{"line":46,"column":42}},"12":{"start":{"line":48,"column":6},"end":{"line":53,"column":62}},"13":{"start":{"line":55,"column":6},"end":{"line":57,"column":44}},"14":{"start":{"line":59,"column":6},"end":{"line":64,"column":10}},"15":{"start":{"line":67,"column":6},"end":{"line":69,"column":51}},"16":{"start":{"line":72,"column":6},"end":{"line":74,"column":46}},"17":{"start":{"line":77,"column":6},"end":{"line":77,"column":60}},"18":{"start":{"line":78,"column":6},"end":{"line":78,"column":61}},"19":{"start":{"line":79,"column":6},"end":{"line":79,"column":61}},"20":{"start":{"line":84,"column":2},"end":{"line":180,"column":5}},"21":{"start":{"line":85,"column":4},"end":{"line":179,"column":7}},"22":{"start":{"line":87,"column":6},"end":{"line":87,"column":80}},"23":{"start":{"line":90,"column":6},"end":{"line":94,"column":44}},"24":{"start":{"line":97,"column":6},"end":{"line":97,"column":53}},"25":{"start":{"line":99,"column":6},"end":{"line":99,"column":19}},"26":{"start":{"line":101,"column":6},"end":{"line":101,"column":80}},"27":{"start":{"line":104,"column":6},"end":{"line":104,"column":53}},"28":{"start":{"line":106,"column":6},"end":{"line":108,"column":43}},"29":{"start":{"line":110,"column":6},"end":{"line":113,"column":8}},"30":{"start":{"line":115,"column":6},"end":{"line":117,"column":41}},"31":{"start":{"line":119,"column":6},"end":{"line":122,"column":8}},"32":{"start":{"line":125,"column":6},"end":{"line":125,"column":52}},"33":{"start":{"line":127,"column":6},"end":{"line":130,"column":8}},"34":{"start":{"line":133,"column":6},"end":{"line":133,"column":53}},"35":{"start":{"line":135,"column":6},"end":{"line":138,"column":8}},"36":{"start":{"line":140,"column":6},"end":{"line":140,"column":53}},"37":{"start":{"line":142,"column":6},"end":{"line":145,"column":8}},"38":{"start":{"line":148,"column":6},"end":{"line":148,"column":68}},"39":{"start":{"line":150,"column":6},"end":{"line":150,"column":19}},"40":{"start":{"line":152,"column":6},"end":{"line":152,"column":79}},"41":{"start":{"line":154,"column":6},"end":{"line":157,"column":8}},"42":{"start":{"line":159,"column":6},"end":{"line":159,"column":73}},"43":{"start":{"line":163,"column":6},"end":{"line":163,"column":53}},"44":{"start":{"line":165,"column":6},"end":{"line":168,"column":8}},"45":{"start":{"line":171,"column":6},"end":{"line":171,"column":80}},"46":{"start":{"line":172,"column":6},"end":{"line":172,"column":80}},"47":{"start":{"line":175,"column":6},"end":{"line":178,"column":40}}},"fnMap":{"0":{"name":"(anonymous_0)","decl":{"start":{"line":15,"column":28},"end":{"line":15,"column":29}},"loc":{"start":{"line":15,"column":34},"end":{"line":181,"column":1}},"line":15},"1":{"name":"(anonymous_1)","decl":{"start":{"line":16,"column":13},"end":{"line":16,"column":14}},"loc":{"start":{"line":16,"column":19},"end":{"line":18,"column":3}},"line":16},"2":{"name":"(anonymous_2)","decl":{"start":{"line":21,"column":32},"end":{"line":21,"column":33}},"loc":{"start":{"line":21,"column":38},"end":{"line":81,"column":3}},"line":21},"3":{"name":"(anonymous_3)","decl":{"start":{"line":22,"column":54},"end":{"line":22,"column":55}},"loc":{"start":{"line":22,"column":60},"end":{"line":80,"column":5}},"line":22},"4":{"name":"(anonymous_4)","decl":{"start":{"line":36,"column":14},"end":{"line":36,"column":15}},"loc":{"start":{"line":36,"column":30},"end":{"line":39,"column":9}},"line":36},"5":{"name":"(anonymous_5)","decl":{"start":{"line":84,"column":40},"end":{"line":84,"column":41}},"loc":{"start":{"line":84,"column":46},"end":{"line":180,"column":3}},"line":84},"6":{"name":"(anonymous_6)","decl":{"start":{"line":85,"column":54},"end":{"line":85,"column":55}},"loc":{"start":{"line":85,"column":60},"end":{"line":179,"column":5}},"line":85}},"branchMap":{},"s":{"0":0,"1":0,"2":0,"3":0,"4":0,"5":0,"6":0,"7":0,"8":0,"9":0,"10":0,"11":0,"12":0,"13":0,"14":0,"15":0,"16":0,"17":0,"18":0,"19":0,"20":0,"21":0,"22":0,"23":0,"24":0,"25":0,"26":0,"27":0,"28":0,"29":0,"30":0,"31":0,"32":0,"33":0,"34":0,"35":0,"36":0,"37":0,"38":0,"39":0,"40":0,"41":0,"42":0,"43":0,"44":0,"45":0,"46":0,"47":0},"f":{"0":0,"1":0,"2":0,"3":0,"4":0,"5":0,"6":0},"b":{}}
,"/Users/leninortizreyes/Desktop/ZenTimerAppFront/ZenTimerAppFront/cypress/e2e/welcomeScreenTest.cy.js": {"path":"/Users/leninortizreyes/Desktop/ZenTimerAppFront/ZenTimerAppFront/cypress/e2e/welcomeScreenTest.cy.js","statementMap":{"0":{"start":{"line":1,"column":0},"end":{"line":68,"column":3}},"1":{"start":{"line":2,"column":2},"end":{"line":44,"column":5}},"2":{"start":{"line":4,"column":4},"end":{"line":4,"column":44}},"3":{"start":{"line":6,"column":22},"end":{"line":6,"column":42}},"4":{"start":{"line":7,"column":25},"end":{"line":7,"column":40}},"5":{"start":{"line":10,"column":4},"end":{"line":10,"column":58}},"6":{"start":{"line":12,"column":4},"end":{"line":12,"column":64}},"7":{"start":{"line":14,"column":4},"end":{"line":14,"column":58}},"8":{"start":{"line":17,"column":4},"end":{"line":17,"column":60}},"9":{"start":{"line":20,"column":4},"end":{"line":22,"column":36}},"10":{"start":{"line":25,"column":4},"end":{"line":27,"column":39}},"11":{"start":{"line":30,"column":4},"end":{"line":32,"column":46}},"12":{"start":{"line":35,"column":4},"end":{"line":35,"column":59}},"13":{"start":{"line":38,"column":4},"end":{"line":38,"column":51}},"14":{"start":{"line":41,"column":4},"end":{"line":43,"column":34}},"15":{"start":{"line":46,"column":2},"end":{"line":67,"column":5}},"16":{"start":{"line":48,"column":4},"end":{"line":48,"column":44}},"17":{"start":{"line":50,"column":22},"end":{"line":50,"column":42}},"18":{"start":{"line":51,"column":25},"end":{"line":51,"column":40}},"19":{"start":{"line":54,"column":4},"end":{"line":54,"column":58}},"20":{"start":{"line":56,"column":4},"end":{"line":56,"column":64}},"21":{"start":{"line":58,"column":4},"end":{"line":58,"column":58}},"22":{"start":{"line":61,"column":4},"end":{"line":61,"column":57}},"23":{"start":{"line":64,"column":4},"end":{"line":66,"column":39}}},"fnMap":{"0":{"name":"(anonymous_0)","decl":{"start":{"line":1,"column":26},"end":{"line":1,"column":27}},"loc":{"start":{"line":1,"column":32},"end":{"line":68,"column":1}},"line":1},"1":{"name":"(anonymous_1)","decl":{"start":{"line":2,"column":96},"end":{"line":2,"column":97}},"loc":{"start":{"line":2,"column":102},"end":{"line":44,"column":3}},"line":2},"2":{"name":"(anonymous_2)","decl":{"start":{"line":46,"column":70},"end":{"line":46,"column":71}},"loc":{"start":{"line":46,"column":76},"end":{"line":67,"column":3}},"line":46}},"branchMap":{},"s":{"0":0,"1":0,"2":0,"3":0,"4":0,"5":0,"6":0,"7":0,"8":0,"9":0,"10":0,"11":0,"12":0,"13":0,"14":0,"15":0,"16":0,"17":0,"18":0,"19":0,"20":0,"21":0,"22":0,"23":0},"f":{"0":0,"1":0,"2":0},"b":{}}
,"/Users/leninortizreyes/Desktop/ZenTimerAppFront/ZenTimerAppFront/cypress/support/commands.js": {"path":"/Users/leninortizreyes/Desktop/ZenTimerAppFront/ZenTimerAppFront/cypress/support/commands.js","statementMap":{},"fnMap":{},"branchMap":{},"s":{},"f":{},"b":{}}
,"/Users/leninortizreyes/Desktop/ZenTimerAppFront/ZenTimerAppFront/cypress/support/e2e.js": {"path":"/Users/leninortizreyes/Desktop/ZenTimerAppFront/ZenTimerAppFront/cypress/support/e2e.js","statementMap":{},"fnMap":{},"branchMap":{},"s":{},"f":{},"b":{}}
,"/Users/leninortizreyes/Desktop/ZenTimerAppFront/ZenTimerAppFront/hooks/useCircleParams.js": {"path":"/Users/leninortizreyes/Desktop/ZenTimerAppFront/ZenTimerAppFront/hooks/useCircleParams.js","statementMap":{"0":{"start":{"line":4,"column":42},"end":{"line":7,"column":4}},"1":{"start":{"line":9,"column":2},"end":{"line":42,"column":33}},"2":{"start":{"line":10,"column":34},"end":{"line":38,"column":5}},"3":{"start":{"line":11,"column":21},"end":{"line":11,"column":24}},"4":{"start":{"line":12,"column":28},"end":{"line":12,"column":48}},"5":{"start":{"line":14,"column":35},"end":{"line":16,"column":11}},"6":{"start":{"line":17,"column":35},"end":{"line":19,"column":11}},"7":{"start":{"line":21,"column":6},"end":{"line":23,"column":7}},"8":{"start":{"line":22,"column":8},"end":{"line":22,"column":66}},"9":{"start":{"line":25,"column":27},"end":{"line":28,"column":7}},"10":{"start":{"line":30,"column":29},"end":{"line":30,"column":63}},"11":{"start":{"line":32,"column":6},"end":{"line":35,"column":8}},"12":{"start":{"line":37,"column":6},"end":{"line":37,"column":49}},"13":{"start":{"line":40,"column":19},"end":{"line":40,"column":66}},"14":{"start":{"line":41,"column":4},"end":{"line":41,"column":28}},"15":{"start":{"line":44,"column":2},"end":{"line":44,"column":22}}},"fnMap":{"0":{"name":"useCircleParams","decl":{"start":{"line":3,"column":9},"end":{"line":3,"column":24}},"loc":{"start":{"line":3,"column":51},"end":{"line":45,"column":1}},"line":3},"1":{"name":"(anonymous_1)","decl":{"start":{"line":9,"column":12},"end":{"line":9,"column":13}},"loc":{"start":{"line":9,"column":18},"end":{"line":42,"column":3}},"line":9},"2":{"name":"(anonymous_2)","decl":{"start":{"line":10,"column":34},"end":{"line":10,"column":35}},"loc":{"start":{"line":10,"column":64},"end":{"line":38,"column":5}},"line":10}},"branchMap":{"0":{"loc":{"start":{"line":14,"column":35},"end":{"line":16,"column":11}},"type":"cond-expr","locations":[{"start":{"line":15,"column":10},"end":{"line":15,"column":21}},{"start":{"line":16,"column":10},"end":{"line":16,"column":11}}],"line":14},"1":{"loc":{"start":{"line":17,"column":35},"end":{"line":19,"column":11}},"type":"cond-expr","locations":[{"start":{"line":18,"column":10},"end":{"line":18,"column":21}},{"start":{"line":19,"column":10},"end":{"line":19,"column":11}}],"line":17},"2":{"loc":{"start":{"line":21,"column":6},"end":{"line":23,"column":7}},"type":"if","locations":[{"start":{"line":21,"column":6},"end":{"line":23,"column":7}},{"start":{},"end":{}}],"line":21}},"s":{"0":0,"1":0,"2":0,"3":0,"4":0,"5":0,"6":0,"7":0,"8":0,"9":0,"10":0,"11":0,"12":0,"13":0,"14":0,"15":0},"f":{"0":0,"1":0,"2":0},"b":{"0":[0,0],"1":[0,0],"2":[0,0]}}
,"/Users/leninortizreyes/Desktop/ZenTimerAppFront/ZenTimerAppFront/hooks/useInterval.js": {"path":"/Users/leninortizreyes/Desktop/ZenTimerAppFront/ZenTimerAppFront/hooks/useInterval.js","statementMap":{"0":{"start":{"line":4,"column":24},"end":{"line":4,"column":32}},"1":{"start":{"line":7,"column":2},"end":{"line":9,"column":17}},"2":{"start":{"line":8,"column":4},"end":{"line":8,"column":37}},"3":{"start":{"line":12,"column":2},"end":{"line":22,"column":14}},"4":{"start":{"line":14,"column":6},"end":{"line":14,"column":30}},"5":{"start":{"line":16,"column":4},"end":{"line":21,"column":5}},"6":{"start":{"line":17,"column":17},"end":{"line":17,"column":41}},"7":{"start":{"line":18,"column":6},"end":{"line":20,"column":8}},"8":{"start":{"line":19,"column":8},"end":{"line":19,"column":26}}},"fnMap":{"0":{"name":"useInterval","decl":{"start":{"line":3,"column":16},"end":{"line":3,"column":27}},"loc":{"start":{"line":3,"column":45},"end":{"line":23,"column":1}},"line":3},"1":{"name":"(anonymous_1)","decl":{"start":{"line":7,"column":12},"end":{"line":7,"column":13}},"loc":{"start":{"line":7,"column":18},"end":{"line":9,"column":3}},"line":7},"2":{"name":"(anonymous_2)","decl":{"start":{"line":12,"column":12},"end":{"line":12,"column":13}},"loc":{"start":{"line":12,"column":18},"end":{"line":22,"column":3}},"line":12},"3":{"name":"tick","decl":{"start":{"line":13,"column":13},"end":{"line":13,"column":17}},"loc":{"start":{"line":13,"column":20},"end":{"line":15,"column":5}},"line":13},"4":{"name":"(anonymous_4)","decl":{"start":{"line":18,"column":13},"end":{"line":18,"column":14}},"loc":{"start":{"line":18,"column":19},"end":{"line":20,"column":7}},"line":18}},"branchMap":{"0":{"loc":{"start":{"line":16,"column":4},"end":{"line":21,"column":5}},"type":"if","locations":[{"start":{"line":16,"column":4},"end":{"line":21,"column":5}},{"start":{},"end":{}}],"line":16}},"s":{"0":16,"1":16,"2":15,"3":16,"4":130,"5":12,"6":5,"7":5,"8":5},"f":{"0":16,"1":15,"2":12,"3":130,"4":5},"b":{"0":[5,7]},"_coverageSchema":"1a1c01bbd47fc00a2c39e90264f33305004495a9","hash":"8d50b8e0a9fbec0e56e67bbb92ecfa5139b65b57"}
,"/Users/leninortizreyes/Desktop/ZenTimerAppFront/ZenTimerAppFront/hooks/usePlayAlarm.js": {"path":"/Users/leninortizreyes/Desktop/ZenTimerAppFront/ZenTimerAppFront/hooks/usePlayAlarm.js","statementMap":{"0":{"start":{"line":4,"column":28},"end":{"line":33,"column":1}},"1":{"start":{"line":5,"column":28},"end":{"line":5,"column":42}},"2":{"start":{"line":7,"column":20},"end":{"line":30,"column":3}},"3":{"start":{"line":8,"column":4},"end":{"line":29,"column":5}},"4":{"start":{"line":9,"column":6},"end":{"line":9,"column":31}},"5":{"start":{"line":10,"column":6},"end":{"line":13,"column":7}},"6":{"start":{"line":11,"column":8},"end":{"line":11,"column":34}},"7":{"start":{"line":12,"column":8},"end":{"line":12,"column":23}},"8":{"start":{"line":15,"column":24},"end":{"line":15,"column":64}},"9":{"start":{"line":16,"column":6},"end":{"line":16,"column":22}},"10":{"start":{"line":18,"column":6},"end":{"line":18,"column":44}},"11":{"start":{"line":19,"column":6},"end":{"line":19,"column":30}},"12":{"start":{"line":21,"column":6},"end":{"line":26,"column":9}},"13":{"start":{"line":22,"column":8},"end":{"line":25,"column":9}},"14":{"start":{"line":23,"column":10},"end":{"line":23,"column":48}},"15":{"start":{"line":24,"column":10},"end":{"line":24,"column":30}},"16":{"start":{"line":28,"column":6},"end":{"line":28,"column":63}},"17":{"start":{"line":32,"column":2},"end":{"line":32,"column":30}}},"fnMap":{"0":{"name":"(anonymous_0)","decl":{"start":{"line":4,"column":28},"end":{"line":4,"column":29}},"loc":{"start":{"line":4,"column":51},"end":{"line":33,"column":1}},"line":4},"1":{"name":"(anonymous_1)","decl":{"start":{"line":7,"column":20},"end":{"line":7,"column":21}},"loc":{"start":{"line":7,"column":39},"end":{"line":30,"column":3}},"line":7},"2":{"name":"(anonymous_2)","decl":{"start":{"line":21,"column":38},"end":{"line":21,"column":39}},"loc":{"start":{"line":21,"column":48},"end":{"line":26,"column":7}},"line":21}},"branchMap":{"0":{"loc":{"start":{"line":10,"column":6},"end":{"line":13,"column":7}},"type":"if","locations":[{"start":{"line":10,"column":6},"end":{"line":13,"column":7}},{"start":{},"end":{}}],"line":10},"1":{"loc":{"start":{"line":22,"column":8},"end":{"line":25,"column":9}},"type":"if","locations":[{"start":{"line":22,"column":8},"end":{"line":25,"column":9}},{"start":{},"end":{}}],"line":22}},"s":{"0":0,"1":0,"2":0,"3":0,"4":0,"5":0,"6":0,"7":0,"8":0,"9":0,"10":0,"11":0,"12":0,"13":0,"14":0,"15":0,"16":0,"17":0},"f":{"0":0,"1":0,"2":0},"b":{"0":[0,0],"1":[0,0]}}
,"/Users/leninortizreyes/Desktop/ZenTimerAppFront/ZenTimerAppFront/hooks/useStopwatch.js": {"path":"/Users/leninortizreyes/Desktop/ZenTimerAppFront/ZenTimerAppFront/hooks/useStopwatch.js","statementMap":{"0":{"start":{"line":13,"column":22},"end":{"line":13,"column":73}},"1":{"start":{"line":13,"column":43},"end":{"line":13,"column":72}},"2":{"start":{"line":14,"column":24},"end":{"line":14,"column":79}},"3":{"start":{"line":14,"column":45},"end":{"line":14,"column":78}},"4":{"start":{"line":15,"column":22},"end":{"line":15,"column":73}},"5":{"start":{"line":15,"column":43},"end":{"line":15,"column":72}},"6":{"start":{"line":16,"column":24},"end":{"line":16,"column":79}},"7":{"start":{"line":16,"column":45},"end":{"line":16,"column":78}},"8":{"start":{"line":17,"column":18},"end":{"line":17,"column":61}},"9":{"start":{"line":17,"column":39},"end":{"line":17,"column":60}},"10":{"start":{"line":20,"column":19},"end":{"line":20,"column":32}},"11":{"start":{"line":22,"column":23},"end":{"line":22,"column":32}},"12":{"start":{"line":23,"column":23},"end":{"line":23,"column":32}},"13":{"start":{"line":24,"column":29},"end":{"line":24,"column":38}},"14":{"start":{"line":26,"column":21},"end":{"line":30,"column":3}},"15":{"start":{"line":27,"column":4},"end":{"line":27,"column":42}},"16":{"start":{"line":28,"column":4},"end":{"line":28,"column":38}},"17":{"start":{"line":29,"column":4},"end":{"line":29,"column":31}},"18":{"start":{"line":32,"column":25},"end":{"line":35,"column":3}},"19":{"start":{"line":33,"column":4},"end":{"line":33,"column":38}},"20":{"start":{"line":34,"column":4},"end":{"line":34,"column":32}},"21":{"start":{"line":37,"column":26},"end":{"line":44,"column":3}},"22":{"start":{"line":38,"column":4},"end":{"line":43,"column":5}},"23":{"start":{"line":39,"column":18},"end":{"line":39,"column":28}},"24":{"start":{"line":40,"column":6},"end":{"line":40,"column":63}},"25":{"start":{"line":42,"column":6},"end":{"line":42,"column":33}},"26":{"start":{"line":46,"column":21},"end":{"line":63,"column":3}},"27":{"start":{"line":47,"column":4},"end":{"line":62,"column":5}},"28":{"start":{"line":48,"column":18},"end":{"line":48,"column":28}},"29":{"start":{"line":50,"column":26},"end":{"line":52,"column":7}},"30":{"start":{"line":54,"column":28},"end":{"line":54,"column":66}},"31":{"start":{"line":55,"column":6},"end":{"line":55,"column":44}},"32":{"start":{"line":56,"column":6},"end":{"line":56,"column":48}},"33":{"start":{"line":58,"column":6},"end":{"line":61,"column":7}},"34":{"start":{"line":59,"column":8},"end":{"line":59,"column":41}},"35":{"start":{"line":60,"column":8},"end":{"line":60,"column":36}},"36":{"start":{"line":65,"column":2},"end":{"line":65,"column":49}},"37":{"start":{"line":67,"column":2},"end":{"line":83,"column":4}},"38":{"start":{"line":69,"column":38},"end":{"line":69,"column":78}},"39":{"start":{"line":72,"column":6},"end":{"line":72,"column":50}},"40":{"start":{"line":74,"column":38},"end":{"line":74,"column":78}},"41":{"start":{"line":77,"column":6},"end":{"line":77,"column":50}},"42":{"start":{"line":79,"column":30},"end":{"line":79,"column":62}}},"fnMap":{"0":{"name":"useStopwatch","decl":{"start":{"line":12,"column":9},"end":{"line":12,"column":21}},"loc":{"start":{"line":12,"column":24},"end":{"line":84,"column":1}},"line":12},"1":{"name":"(anonymous_1)","decl":{"start":{"line":13,"column":34},"end":{"line":13,"column":35}},"loc":{"start":{"line":13,"column":43},"end":{"line":13,"column":72}},"line":13},"2":{"name":"(anonymous_2)","decl":{"start":{"line":14,"column":36},"end":{"line":14,"column":37}},"loc":{"start":{"line":14,"column":45},"end":{"line":14,"column":78}},"line":14},"3":{"name":"(anonymous_3)","decl":{"start":{"line":15,"column":34},"end":{"line":15,"column":35}},"loc":{"start":{"line":15,"column":43},"end":{"line":15,"column":72}},"line":15},"4":{"name":"(anonymous_4)","decl":{"start":{"line":16,"column":36},"end":{"line":16,"column":37}},"loc":{"start":{"line":16,"column":45},"end":{"line":16,"column":78}},"line":16},"5":{"name":"(anonymous_5)","decl":{"start":{"line":17,"column":30},"end":{"line":17,"column":31}},"loc":{"start":{"line":17,"column":39},"end":{"line":17,"column":60}},"line":17},"6":{"name":"(anonymous_6)","decl":{"start":{"line":26,"column":21},"end":{"line":26,"column":22}},"loc":{"start":{"line":26,"column":36},"end":{"line":30,"column":3}},"line":26},"7":{"name":"(anonymous_7)","decl":{"start":{"line":32,"column":25},"end":{"line":32,"column":26}},"loc":{"start":{"line":32,"column":31},"end":{"line":35,"column":3}},"line":32},"8":{"name":"(anonymous_8)","decl":{"start":{"line":37,"column":26},"end":{"line":37,"column":27}},"loc":{"start":{"line":37,"column":32},"end":{"line":44,"column":3}},"line":37},"9":{"name":"(anonymous_9)","decl":{"start":{"line":46,"column":21},"end":{"line":46,"column":22}},"loc":{"start":{"line":46,"column":27},"end":{"line":63,"column":3}},"line":46},"10":{"name":"(anonymous_10)","decl":{"start":{"line":69,"column":20},"end":{"line":69,"column":21}},"loc":{"start":{"line":69,"column":38},"end":{"line":69,"column":78}},"line":69},"11":{"name":"(anonymous_11)","decl":{"start":{"line":71,"column":22},"end":{"line":71,"column":23}},"loc":{"start":{"line":72,"column":6},"end":{"line":72,"column":50}},"line":72},"12":{"name":"(anonymous_12)","decl":{"start":{"line":74,"column":20},"end":{"line":74,"column":21}},"loc":{"start":{"line":74,"column":38},"end":{"line":74,"column":78}},"line":74},"13":{"name":"(anonymous_13)","decl":{"start":{"line":76,"column":22},"end":{"line":76,"column":23}},"loc":{"start":{"line":77,"column":6},"end":{"line":77,"column":50}},"line":77},"14":{"name":"(anonymous_14)","decl":{"start":{"line":79,"column":16},"end":{"line":79,"column":17}},"loc":{"start":{"line":79,"column":30},"end":{"line":79,"column":62}},"line":79}},"branchMap":{"0":{"loc":{"start":{"line":38,"column":4},"end":{"line":43,"column":5}},"type":"if","locations":[{"start":{"line":38,"column":4},"end":{"line":43,"column":5}},{"start":{},"end":{}}],"line":38},"1":{"loc":{"start":{"line":47,"column":4},"end":{"line":62,"column":5}},"type":"if","locations":[{"start":{"line":47,"column":4},"end":{"line":62,"column":5}},{"start":{},"end":{}}],"line":47},"2":{"loc":{"start":{"line":58,"column":6},"end":{"line":61,"column":7}},"type":"if","locations":[{"start":{"line":58,"column":6},"end":{"line":61,"column":7}},{"start":{},"end":{}}],"line":58},"3":{"loc":{"start":{"line":65,"column":26},"end":{"line":65,"column":47}},"type":"cond-expr","locations":[{"start":{"line":65,"column":36},"end":{"line":65,"column":40}},{"start":{"line":65,"column":43},"end":{"line":65,"column":47}}],"line":65}},"s":{"0":16,"1":295,"2":16,"3":295,"4":16,"5":295,"6":16,"7":295,"8":16,"9":295,"10":16,"11":16,"12":16,"13":16,"14":16,"15":4,"16":4,"17":4,"18":16,"19":2,"20":2,"21":16,"22":1,"23":1,"24":1,"25":1,"26":16,"27":130,"28":130,"29":130,"30":130,"31":130,"32":130,"33":130,"34":2,"35":2,"36":16,"37":16,"38":0,"39":0,"40":0,"41":0,"42":0},"f":{"0":16,"1":295,"2":295,"3":295,"4":295,"5":295,"6":4,"7":2,"8":1,"9":130,"10":0,"11":0,"12":0,"13":0,"14":0},"b":{"0":[1,0],"1":[130,0],"2":[2,128],"3":[9,7]},"_coverageSchema":"1a1c01bbd47fc00a2c39e90264f33305004495a9","hash":"707bee4dfea794752f242339f1b4e20856a6876d"}
,"/Users/leninortizreyes/Desktop/ZenTimerAppFront/ZenTimerAppFront/navigators/RootStack.js": {"path":"/Users/leninortizreyes/Desktop/ZenTimerAppFront/ZenTimerAppFront/navigators/RootStack.js","statementMap":{"0":{"start":{"line":17,"column":35},"end":{"line":17,"column":41}},"1":{"start":{"line":18,"column":14},"end":{"line":18,"column":42}},"2":{"start":{"line":20,"column":18},"end":{"line":76,"column":1}},"3":{"start":{"line":21,"column":2},"end":{"line":75,"column":4}},"4":{"start":{"line":24,"column":8},"end":{"line":72,"column":30}}},"fnMap":{"0":{"name":"(anonymous_0)","decl":{"start":{"line":20,"column":18},"end":{"line":20,"column":19}},"loc":{"start":{"line":20,"column":24},"end":{"line":76,"column":1}},"line":20},"1":{"name":"(anonymous_1)","decl":{"start":{"line":23,"column":7},"end":{"line":23,"column":8}},"loc":{"start":{"line":24,"column":8},"end":{"line":72,"column":30}},"line":24}},"branchMap":{"0":{"loc":{"start":{"line":39,"column":13},"end":{"line":69,"column":13}},"type":"cond-expr","locations":[{"start":{"line":40,"column":14},"end":{"line":44,"column":16}},{"start":{"line":46,"column":14},"end":{"line":68,"column":17}}],"line":39}},"s":{"0":0,"1":0,"2":0,"3":0,"4":0},"f":{"0":0,"1":0},"b":{"0":[0,0]}}
,"/Users/leninortizreyes/Desktop/ZenTimerAppFront/ZenTimerAppFront/reducers/elapsedTimeReducer.js": {"path":"/Users/leninortizreyes/Desktop/ZenTimerAppFront/ZenTimerAppFront/reducers/elapsedTimeReducer.js","statementMap":{"0":{"start":{"line":1,"column":20},"end":{"line":3,"column":1}},"1":{"start":{"line":5,"column":27},"end":{"line":15,"column":1}},"2":{"start":{"line":6,"column":2},"end":{"line":14,"column":3}},"3":{"start":{"line":8,"column":6},"end":{"line":11,"column":8}},"4":{"start":{"line":13,"column":6},"end":{"line":13,"column":19}}},"fnMap":{"0":{"name":"(anonymous_0)","decl":{"start":{"line":5,"column":27},"end":{"line":5,"column":28}},"loc":{"start":{"line":5,"column":60},"end":{"line":15,"column":1}},"line":5}},"branchMap":{"0":{"loc":{"start":{"line":5,"column":28},"end":{"line":5,"column":47}},"type":"default-arg","locations":[{"start":{"line":5,"column":36},"end":{"line":5,"column":47}}],"line":5},"1":{"loc":{"start":{"line":6,"column":2},"end":{"line":14,"column":3}},"type":"switch","locations":[{"start":{"line":7,"column":4},"end":{"line":11,"column":8}},{"start":{"line":12,"column":4},"end":{"line":13,"column":19}}],"line":6}},"s":{"0":1,"1":1,"2":282,"3":130,"4":152},"f":{"0":282},"b":{"0":[3],"1":[130,152]},"_coverageSchema":"1a1c01bbd47fc00a2c39e90264f33305004495a9","hash":"7f62888c278df5acda67bb2d3aaa48dcb02d1278"}
,"/Users/leninortizreyes/Desktop/ZenTimerAppFront/ZenTimerAppFront/reducers/initialTimeReducer.js": {"path":"/Users/leninortizreyes/Desktop/ZenTimerAppFront/ZenTimerAppFront/reducers/initialTimeReducer.js","statementMap":{"0":{"start":{"line":1,"column":21},"end":{"line":3,"column":1}},"1":{"start":{"line":5,"column":27},"end":{"line":15,"column":1}},"2":{"start":{"line":6,"column":2},"end":{"line":14,"column":3}},"3":{"start":{"line":8,"column":6},"end":{"line":11,"column":8}},"4":{"start":{"line":13,"column":6},"end":{"line":13,"column":19}}},"fnMap":{"0":{"name":"(anonymous_0)","decl":{"start":{"line":5,"column":27},"end":{"line":5,"column":28}},"loc":{"start":{"line":5,"column":61},"end":{"line":15,"column":1}},"line":5}},"branchMap":{"0":{"loc":{"start":{"line":5,"column":28},"end":{"line":5,"column":48}},"type":"default-arg","locations":[{"start":{"line":5,"column":36},"end":{"line":5,"column":48}}],"line":5},"1":{"loc":{"start":{"line":6,"column":2},"end":{"line":14,"column":3}},"type":"switch","locations":[{"start":{"line":7,"column":4},"end":{"line":11,"column":8}},{"start":{"line":12,"column":4},"end":{"line":13,"column":19}}],"line":6}},"s":{"0":1,"1":1,"2":282,"3":8,"4":274},"f":{"0":282},"b":{"0":[3],"1":[8,274]},"_coverageSchema":"1a1c01bbd47fc00a2c39e90264f33305004495a9","hash":"aac1e038af5a85995f288acb4dcab3741770d2c4"}
,"/Users/leninortizreyes/Desktop/ZenTimerAppFront/ZenTimerAppFront/reducers/remainingTimeReducer.js": {"path":"/Users/leninortizreyes/Desktop/ZenTimerAppFront/ZenTimerAppFront/reducers/remainingTimeReducer.js","statementMap":{"0":{"start":{"line":1,"column":34},"end":{"line":3,"column":1}},"1":{"start":{"line":5,"column":27},"end":{"line":5,"column":47}},"2":{"start":{"line":7,"column":29},"end":{"line":17,"column":1}},"3":{"start":{"line":8,"column":2},"end":{"line":16,"column":3}},"4":{"start":{"line":10,"column":6},"end":{"line":13,"column":8}},"5":{"start":{"line":15,"column":6},"end":{"line":15,"column":19}}},"fnMap":{"0":{"name":"(anonymous_0)","decl":{"start":{"line":7,"column":29},"end":{"line":7,"column":30}},"loc":{"start":{"line":7,"column":76},"end":{"line":17,"column":1}},"line":7}},"branchMap":{"0":{"loc":{"start":{"line":7,"column":30},"end":{"line":7,"column":63}},"type":"default-arg","locations":[{"start":{"line":7,"column":38},"end":{"line":7,"column":63}}],"line":7},"1":{"loc":{"start":{"line":8,"column":2},"end":{"line":16,"column":3}},"type":"switch","locations":[{"start":{"line":9,"column":4},"end":{"line":13,"column":8}},{"start":{"line":14,"column":4},"end":{"line":15,"column":19}}],"line":8}},"s":{"0":1,"1":1,"2":1,"3":282,"4":130,"5":152},"f":{"0":282},"b":{"0":[3],"1":[130,152]},"_coverageSchema":"1a1c01bbd47fc00a2c39e90264f33305004495a9","hash":"7473971303b932e167c3f0b000af889e71ade600"}
,"/Users/leninortizreyes/Desktop/ZenTimerAppFront/ZenTimerAppFront/reducers/rootReducer.js": {"path":"/Users/leninortizreyes/Desktop/ZenTimerAppFront/ZenTimerAppFront/reducers/rootReducer.js","statementMap":{"0":{"start":{"line":8,"column":20},"end":{"line":14,"column":2}}},"fnMap":{},"branchMap":{},"s":{"0":1},"f":{},"b":{},"_coverageSchema":"1a1c01bbd47fc00a2c39e90264f33305004495a9","hash":"2e4593bf4f9c2070517a2b9eb0c1b3adff8698a8"}
[...]
20},"end":{"line":47,"column":49}},"4":{"start":{"line":49,"column":43},"end":{"line":55,"column":4}},"5":{"start":{"line":58,"column":21},"end":{"line":88,"column":3}},"6":{"start":{"line":59,"column":4},"end":{"line":87,"column":5}},"7":{"start":{"line":60,"column":20},"end":{"line":60,"column":43}},"8":{"start":{"line":62,"column":6},"end":{"line":67,"column":7}},"9":{"start":{"line":63,"column":8},"end":{"line":66,"column":10}},"10":{"start":{"line":70,"column":6},"end":{"line":70,"column":59}},"11":{"start":{"line":71,"column":6},"end":{"line":71,"column":31}},"12":{"start":{"line":72,"column":6},"end":{"line":72,"column":35}},"13":{"start":{"line":73,"column":6},"end":{"line":76,"column":8}},"14":{"start":{"line":78,"column":23},"end":{"line":78,"column":69}},"15":{"start":{"line":79,"column":6},"end":{"line":83,"column":7}},"16":{"start":{"line":80,"column":8},"end":{"line":80,"column":48}},"17":{"start":{"line":82,"column":8},"end":{"line":82,"column":60}},"18":{"start":{"line":85,"column":6},"end":{"line":85,"column":22}},"19":{"start":{"line":86,"column":6},"end":{"line":86,"column":71}},"20":{"start":{"line":90,"column":2},"end":{"line":124,"column":4}}},"fnMap":{"0":{"name":"(anonymous_0)","decl":{"start":{"line":35,"column":22},"end":{"line":35,"column":23}},"loc":{"start":{"line":35,"column":28},"end":{"line":125,"column":1}},"line":35},"1":{"name":"(anonymous_1)","decl":{"start":{"line":58,"column":21},"end":{"line":58,"column":22}},"loc":{"start":{"line":58,"column":33},"end":{"line":88,"column":3}},"line":58}},"branchMap":{"0":{"loc":{"start":{"line":40,"column":4},"end":{"line":40,"column":21}},"type":"default-arg","locations":[{"start":{"line":40,"column":11},"end":{"line":40,"column":21}}],"line":40},"1":{"loc":{"start":{"line":41,"column":4},"end":{"line":41,"column":32}},"type":"default-arg","locations":[{"start":{"line":41,"column":12},"end":{"line":41,"column":32}}],"line":41},"2":{"loc":{"start":{"line":43,"column":6},"end":{"line":43,"column":29}},"type":"binary-expr","locations":[{"start":{"line":43,"column":6},"end":{"line":43,"column":23}},{"start":{"line":43,"column":27},"end":{"line":43,"column":29}}],"line":43},"3":{"loc":{"start":{"line":45,"column":20},"end":{"line":47,"column":49}},"type":"cond-expr","locations":[{"start":{"line":46,"column":6},"end":{"line":46,"column":23}},{"start":{"line":47,"column":6},"end":{"line":47,"column":49}}],"line":45},"4":{"loc":{"start":{"line":62,"column":6},"end":{"line":67,"column":7}},"type":"if","locations":[{"start":{"line":62,"column":6},"end":{"line":67,"column":7}},{"start":{},"end":{}}],"line":62},"5":{"loc":{"start":{"line":79,"column":6},"end":{"line":83,"column":7}},"type":"if","locations":[{"start":{"line":79,"column":6},"end":{"line":83,"column":7}},{"start":{"line":81,"column":13},"end":{"line":83,"column":7}}],"line":79},"6":{"loc":{"start":{"line":105,"column":13},"end":{"line":105,"column":31}},"type":"binary-expr","locations":[{"start":{"line":105,"column":13},"end":{"line":105,"column":17}},{"start":{"line":105,"column":21},"end":{"line":105,"column":31}}],"line":105},"7":{"loc":{"start":{"line":108,"column":13},"end":{"line":108,"column":42}},"type":"binary-expr","locations":[{"start":{"line":108,"column":13},"end":{"line":108,"column":18}},{"start":{"line":108,"column":22},"end":{"line":108,"column":42}}],"line":108}},"s":{"0":0,"1":0,"2":0,"3":0,"4":0,"5":0,"6":0,"7":0,"8":0,"9":0,"10":0,"11":0,"12":0,"13":0,"14":0,"15":0,"16":0,"17":0,"18":0,"19":0,"20":0},"f":{"0":0,"1":0},"b":{"0":[0],"1":[0],"2":[0,0],"3":[0,0],"4":[0,0],"5":[0,0],"6":[0,0],"7":[0,0]}}
,"/Users/leninortizreyes/Desktop/ZenTimerAppFront/ZenTimerAppFront/screens/WelcomeScreen/WelcomeScreenStyles.js": {"path":"/Users/leninortizreyes/Desktop/ZenTimerAppFront/ZenTimerAppFront/screens/WelcomeScreen/WelcomeScreenStyles.js","statementMap":{"0":{"start":{"line":6,"column":67},"end":{"line":6,"column":73}},"1":{"start":{"line":8,"column":31},"end":{"line":12,"column":1}},"2":{"start":{"line":14,"column":30},"end":{"line":19,"column":1}},"3":{"start":{"line":21,"column":32},"end":{"line":25,"column":1}},"4":{"start":{"line":27,"column":22},"end":{"line":36,"column":1}},"5":{"start":{"line":38,"column":28},"end":{"line":41,"column":1}},"6":{"start":{"line":43,"column":25},"end":{"line":55,"column":1}},"7":{"start":{"line":51,"column":4},"end":{"line":54,"column":3}},"8":{"start":{"line":57,"column":24},"end":{"line":70,"column":1}},"9":{"start":{"line":65,"column":4},"end":{"line":69,"column":3}},"10":{"start":{"line":72,"column":30},"end":{"line":74,"column":1}},"11":{"start":{"line":76,"column":28},"end":{"line":92,"column":1}},"12":{"start":{"line":86,"column":4},"end":{"line":91,"column":3}},"13":{"start":{"line":94,"column":26},"end":{"line":104,"column":1}},"14":{"start":{"line":99,"column":4},"end":{"line":103,"column":3}},"15":{"start":{"line":106,"column":20},"end":{"line":111,"column":1}}},"fnMap":{"0":{"name":"(anonymous_0)","decl":{"start":{"line":50,"column":4},"end":{"line":50,"column":5}},"loc":{"start":{"line":51,"column":4},"end":{"line":54,"column":3}},"line":51},"1":{"name":"(anonymous_1)","decl":{"start":{"line":64,"column":4},"end":{"line":64,"column":5}},"loc":{"start":{"line":65,"column":4},"end":{"line":69,"column":3}},"line":65},"2":{"name":"(anonymous_2)","decl":{"start":{"line":85,"column":4},"end":{"line":85,"column":5}},"loc":{"start":{"line":86,"column":4},"end":{"line":91,"column":3}},"line":86},"3":{"name":"(anonymous_3)","decl":{"start":{"line":98,"column":4},"end":{"line":98,"column":5}},"loc":{"start":{"line":99,"column":4},"end":{"line":103,"column":3}},"line":99}},"branchMap":{"0":{"loc":{"start":{"line":51,"column":4},"end":{"line":54,"column":3}},"type":"binary-expr","locations":[{"start":{"line":51,"column":4},"end":{"line":51,"column":17}},{"start":{"line":52,"column":4},"end":{"line":54,"column":3}}],"line":51},"1":{"loc":{"start":{"line":65,"column":4},"end":{"line":69,"column":3}},"type":"binary-expr","locations":[{"start":{"line":65,"column":4},"end":{"line":65,"column":17}},{"start":{"line":66,"column":4},"end":{"line":69,"column":3}}],"line":65},"2":{"loc":{"start":{"line":86,"column":4},"end":{"line":91,"column":3}},"type":"binary-expr","locations":[{"start":{"line":86,"column":4},"end":{"line":86,"column":24}},{"start":{"line":87,"column":4},"end":{"line":91,"column":3}}],"line":86},"3":{"loc":{"start":{"line":99,"column":4},"end":{"line":103,"column":3}},"type":"binary-expr","locations":[{"start":{"line":99,"column":4},"end":{"line":99,"column":24}},{"start":{"line":100,"column":4},"end":{"line":103,"column":3}}],"line":99}},"s":{"0":0,"1":0,"2":0,"3":0,"4":0,"5":0,"6":0,"7":0,"8":0,"9":0,"10":0,"11":0,"12":0,"13":0,"14":0,"15":0},"f":{"0":0,"1":0,"2":0,"3":0},"b":{"0":[0,0],"1":[0,0],"2":[0,0],"3":[0,0]}}
,"/Users/leninortizreyes/Desktop/ZenTimerAppFront/ZenTimerAppFront/store/store.js": {"path":"/Users/leninortizreyes/Desktop/ZenTimerAppFront/ZenTimerAppFront/store/store.js","statementMap":{"0":{"start":{"line":4,"column":14},"end":{"line":4,"column":38}}},"fnMap":{},"branchMap":{},"s":{"0":0},"f":{},"b":{}}
,"/Users/leninortizreyes/Desktop/ZenTimerAppFront/ZenTimerAppFront/styles/AppStyles.js": {"path":"/Users/leninortizreyes/Desktop/ZenTimerAppFront/ZenTimerAppFront/styles/AppStyles.js","statementMap":{"0":{"start":{"line":1,"column":22},"end":{"line":11,"column":1}}},"fnMap":{},"branchMap":{},"s":{"0":0},"f":{},"b":{}}
,"/Users/leninortizreyes/Desktop/ZenTimerAppFront/ZenTimerAppFront/util/formatTime.js": {"path":"/Users/leninortizreyes/Desktop/ZenTimerAppFront/ZenTimerAppFront/util/formatTime.js","statementMap":{"0":{"start":{"line":1,"column":26},"end":{"line":14,"column":1}},"1":{"start":{"line":2,"column":14},"end":{"line":2,"column":52}},"2":{"start":{"line":2,"column":21},"end":{"line":2,"column":52}},"3":{"start":{"line":3,"column":2},"end":{"line":5,"column":3}},"4":{"start":{"line":4,"column":4},"end":{"line":4,"column":22}},"5":{"start":{"line":7,"column":25},"end":{"line":7,"column":49}},"6":{"start":{"line":9,"column":16},"end":{"line":9,"column":49}},"7":{"start":{"line":10,"column":18},"end":{"line":10,"column":58}},"8":{"start":{"line":11,"column":18},"end":{"line":11,"column":37}},"9":{"start":{"line":13,"column":2},"end":{"line":13,"column":57}}},"fnMap":{"0":{"name":"(anonymous_0)","decl":{"start":{"line":1,"column":26},"end":{"line":1,"column":27}},"loc":{"start":{"line":1,"column":42},"end":{"line":14,"column":1}},"line":1},"1":{"name":"(anonymous_1)","decl":{"start":{"line":2,"column":14},"end":{"line":2,"column":15}},"loc":{"start":{"line":2,"column":21},"end":{"line":2,"column":52}},"line":2}},"branchMap":{"0":{"loc":{"start":{"line":3,"column":2},"end":{"line":5,"column":3}},"type":"if","locations":[{"start":{"line":3,"column":2},"end":{"line":5,"column":3}},{"start":{},"end":{}}],"line":3},"1":{"loc":{"start":{"line":3,"column":6},"end":{"line":3,"column":45}},"type":"binary-expr","locations":[{"start":{"line":3,"column":6},"end":{"line":3,"column":25}},{"start":{"line":3,"column":29},"end":{"line":3,"column":45}}],"line":3}},"s":{"0":0,"1":0,"2":0,"3":0,"4":0,"5":0,"6":0,"7":0,"8":0,"9":0},"f":{"0":0,"1":0},"b":{"0":[0,0],"1":[0,0]}}
,"/Users/leninortizreyes/Desktop/ZenTimerAppFront/ZenTimerAppFront/util/handleButtonPress.js": {"path":"/Users/leninortizreyes/Desktop/ZenTimerAppFront/ZenTimerAppFront/util/handleButtonPress.js","statementMap":{"0":{"start":{"line":3,"column":32},"end":{"line":21,"column":1}},"1":{"start":{"line":4,"column":44},"end":{"line":4,"column":56}},"2":{"start":{"line":6,"column":28},"end":{"line":18,"column":8}},"3":{"start":{"line":7,"column":4},"end":{"line":10,"column":8}},"4":{"start":{"line":7,"column":35},"end":{"line":10,"column":5}},"5":{"start":{"line":8,"column":62},"end":{"line":8,"column":74}},"6":{"start":{"line":12,"column":4},"end":{"line":17,"column":12}},"7":{"start":{"line":13,"column":6},"end":{"line":16,"column":10}},"8":{"start":{"line":13,"column":37},"end":{"line":16,"column":7}},"9":{"start":{"line":20,"column":2},"end":{"line":20,"column":46}}},"fnMap":{"0":{"name":"(anonymous_0)","decl":{"start":{"line":3,"column":32},"end":{"line":3,"column":33}},"loc":{"start":{"line":3,"column":38},"end":{"line":21,"column":1}},"line":3},"1":{"name":"(anonymous_1)","decl":{"start":{"line":6,"column":40},"end":{"line":6,"column":41}},"loc":{"start":{"line":6,"column":52},"end":{"line":18,"column":3}},"line":6},"2":{"name":"(anonymous_2)","decl":{"start":{"line":7,"column":21},"end":{"line":7,"column":22}},"loc":{"start":{"line":7,"column":35},"end":{"line":10,"column":5}},"line":7},"3":{"name":"(anonymous_3)","decl":{"start":{"line":8,"column":55},"end":{"line":8,"column":56}},"loc":{"start":{"line":8,"column":62},"end":{"line":8,"column":74}},"line":8},"4":{"name":"(anonymous_4)","decl":{"start":{"line":12,"column":15},"end":{"line":12,"column":16}},"loc":{"start":{"line":12,"column":21},"end":{"line":17,"column":5}},"line":12},"5":{"name":"(anonymous_5)","decl":{"start":{"line":13,"column":23},"end":{"line":13,"column":24}},"loc":{"start":{"line":13,"column":37},"end":{"line":16,"column":7}},"line":13}},"branchMap":{},"s":{"0":0,"1":0,"2":0,"3":0,"4":0,"5":0,"6":0,"7":0,"8":0,"9":0},"f":{"0":0,"1":0,"2":0,"3":0,"4":0,"5":0},"b":{}}
,"/Users/leninortizreyes/Desktop/ZenTimerAppFront/ZenTimerAppFront/util/logging.js": {"path":"/Users/leninortizreyes/Desktop/ZenTimerAppFront/ZenTimerAppFront/util/logging.js","statementMap":{"0":{"start":{"line":11,"column":23},"end":{"line":14,"column":1}},"1":{"start":{"line":13,"column":2},"end":{"line":13,"column":23}},"2":{"start":{"line":19,"column":26},"end":{"line":22,"column":1}},"3":{"start":{"line":21,"column":2},"end":{"line":21,"column":24}},"4":{"start":{"line":27,"column":24},"end":{"line":38,"column":1}},"5":{"start":{"line":28,"column":2},"end":{"line":37,"column":3}},"6":{"start":{"line":29,"column":4},"end":{"line":29,"column":46}},"7":{"start":{"line":30,"column":4},"end":{"line":32,"column":5}},"8":{"start":{"line":31,"column":6},"end":{"line":31,"column":55}},"9":{"start":{"line":33,"column":9},"end":{"line":37,"column":3}},"10":{"start":{"line":34,"column":4},"end":{"line":34,"column":61}},"11":{"start":{"line":36,"column":4},"end":{"line":36,"column":36}},"12":{"start":{"line":43,"column":27},"end":{"line":50,"column":1}},"13":{"start":{"line":45,"column":2},"end":{"line":45,"column":18}}},"fnMap":{"0":{"name":"(anonymous_0)","decl":{"start":{"line":11,"column":23},"end":{"line":11,"column":24}},"loc":{"start":{"line":11,"column":34},"end":{"line":14,"column":1}},"line":11},"1":{"name":"(anonymous_1)","decl":{"start":{"line":19,"column":26},"end":{"line":19,"column":27}},"loc":{"start":{"line":19,"column":37},"end":{"line":22,"column":1}},"line":19},"2":{"name":"(anonymous_2)","decl":{"start":{"line":27,"column":24},"end":{"line":27,"column":25}},"loc":{"start":{"line":27,"column":33},"end":{"line":38,"column":1}},"line":27},"3":{"name":"(anonymous_3)","decl":{"start":{"line":43,"column":27},"end":{"line":43,"column":28}},"loc":{"start":{"line":43,"column":36},"end":{"line":50,"column":1}},"line":43}},"branchMap":{"0":{"loc":{"start":{"line":28,"column":2},"end":{"line":37,"column":3}},"type":"if","locations":[{"start":{"line":28,"column":2},"end":{"line":37,"column":3}},{"start":{"line":33,"column":9},"end":{"line":37,"column":3}}],"line":28},"1":{"loc":{"start":{"line":30,"column":4},"end":{"line":32,"column":5}},"type":"if","locations":[{"start":{"line":30,"column":4},"end":{"line":32,"column":5}},{"start":{},"end":{}}],"line":30},"2":{"loc":{"start":{"line":33,"column":9},"end":{"line":37,"column":3}},"type":"if","locations":[{"start":{"line":33,"column":9},"end":{"line":37,"column":3}},{"start":{"line":35,"column":9},"end":{"line":37,"column":3}}],"line":33}},"s":{"0":0,"1":0,"2":0,"3":0,"4":0,"5":0,"6":0,"7":0,"8":0,"9":0,"10":0,"11":0,"12":0,"13":0},"f":{"0":0,"1":0,"2":0,"3":0},"b":{"0":[0,0],"1":[0,0],"2":[0,0]}}
,"/Users/leninortizreyes/Desktop/ZenTimerAppFront/ZenTimerAppFront/util/utils.js": {"path":"/Users/leninortizreyes/Desktop/ZenTimerAppFront/ZenTimerAppFront/util/utils.js","statementMap":{"0":{"start":{"line":2,"column":40},"end":{"line":10,"column":1}},"1":{"start":{"line":7,"column":2},"end":{"line":7,"column":62}},"2":{"start":{"line":7,"column":37},"end":{"line":7,"column":60}},"3":{"start":{"line":8,"column":2},"end":{"line":8,"column":23}},"4":{"start":{"line":9,"column":2},"end":{"line":9,"column":18}},"5":{"start":{"line":13,"column":34},"end":{"line":21,"column":1}},"6":{"start":{"line":19,"column":20},"end":{"line":19,"column":60}},"7":{"start":{"line":19,"column":37},"end":{"line":19,"column":52}},"8":{"start":{"line":20,"column":2},"end":{"line":20,"column":65}},"9":{"start":{"line":20,"column":35},"end":{"line":20,"column":63}}},"fnMap":{"0":{"name":"(anonymous_0)","decl":{"start":{"line":2,"column":40},"end":{"line":2,"column":41}},"loc":{"start":{"line":6,"column":5},"end":{"line":10,"column":1}},"line":6},"1":{"name":"(anonymous_1)","decl":{"start":{"line":4,"column":21},"end":{"line":4,"column":22}},"loc":{"start":{"line":4,"column":27},"end":{"line":4,"column":29}},"line":4},"2":{"name":"(anonymous_2)","decl":{"start":{"line":5,"column":16},"end":{"line":5,"column":17}},"loc":{"start":{"line":5,"column":22},"end":{"line":5,"column":24}},"line":5},"3":{"name":"(anonymous_3)","decl":{"start":{"line":7,"column":24},"end":{"line":7,"column":25}},"loc":{"start":{"line":7,"column":37},"end":{"line":7,"column":60}},"line":7},"4":{"name":"(anonymous_4)","decl":{"start":{"line":13,"column":34},"end":{"line":13,"column":35}},"loc":{"start":{"line":18,"column":5},"end":{"line":21,"column":1}},"line":18},"5":{"name":"(anonymous_5)","decl":{"start":{"line":15,"column":16},"end":{"line":15,"column":17}},"loc":{"start":{"line":15,"column":22},"end":{"line":15,"column":24}},"line":15},"6":{"name":"(anonymous_6)","decl":{"start":{"line":16,"column":21},"end":{"line":16,"column":22}},"loc":{"start":{"line":16,"column":27},"end":{"line":16,"column":29}},"line":16},"7":{"name":"(anonymous_7)","decl":{"start":{"line":19,"column":31},"end":{"line":19,"column":32}},"loc":{"start":{"line":19,"column":37},"end":{"line":19,"column":52}},"line":19},"8":{"name":"(anonymous_8)","decl":{"start":{"line":20,"column":19},"end":{"line":20,"column":20}},"loc":{"start":{"line":20,"column":35},"end":{"line":20,"column":63}},"line":20}},"branchMap":{"0":{"loc":{"start":{"line":3,"column":2},"end":{"line":3,"column":20}},"type":"default-arg","locations":[{"start":{"line":3,"column":18},"end":{"line":3,"column":20}}],"line":3},"1":{"loc":{"start":{"line":4,"column":2},"end":{"line":4,"column":29}},"type":"default-arg","locations":[{"start":{"line":4,"column":21},"end":{"line":4,"column":29}}],"line":4},"2":{"loc":{"start":{"line":5,"column":2},"end":{"line":5,"column":24}},"type":"default-arg","locations":[{"start":{"line":5,"column":16},"end":{"line":5,"column":24}}],"line":5},"3":{"loc":{"start":{"line":15,"column":2},"end":{"line":15,"column":24}},"type":"default-arg","locations":[{"start":{"line":15,"column":16},"end":{"line":15,"column":24}}],"line":15},"4":{"loc":{"start":{"line":16,"column":2},"end":{"line":16,"column":29}},"type":"default-arg","locations":[{"start":{"line":16,"column":21},"end":{"line":16,"column":29}}],"line":16},"5":{"loc":{"start":{"line":17,"column":2},"end":{"line":17,"column":20}},"type":"default-arg","locations":[{"start":{"line":17,"column":18},"end":{"line":17,"column":20}}],"line":17}},"s":{"0":0,"1":0,"2":0,"3":0,"4":0,"5":0,"6":0,"7":0,"8":0,"9":0},"f":{"0":0,"1":0,"2":0,"3":0,"4":0,"5":0,"6":0,"7":0,"8":0},"b":{"0":[0],"1":[0],"2":[0],"3":[0],"4":[0],"5":[0]}}
,"/Users/leninortizreyes/Desktop/ZenTimerAppFront/ZenTimerAppFront/util/validateAllowedFields.js": {"path":"/Users/leninortizreyes/Desktop/ZenTimerAppFront/ZenTimerAppFront/util/validateAllowedFields.js","statementMap":{"0":{"start":{"line":8,"column":30},"end":{"line":24,"column":1}},"1":{"start":{"line":9,"column":24},"end":{"line":9,"column":26}},"2":{"start":{"line":11,"column":2},"end":{"line":15,"column":5}},"3":{"start":{"line":12,"column":4},"end":{"line":14,"column":5}},"4":{"start":{"line":13,"column":6},"end":{"line":13,"column":30}},"5":{"start":{"line":17,"column":2},"end":{"line":23,"column":3}},"6":{"start":{"line":18,"column":4},"end":{"line":20,"column":8}},"7":{"start":{"line":22,"column":4},"end":{"line":22,"column":14}}},"fnMap":{"0":{"name":"(anonymous_0)","decl":{"start":{"line":8,"column":30},"end":{"line":8,"column":31}},"loc":{"start":{"line":8,"column":57},"end":{"line":24,"column":1}},"line":8},"1":{"name":"(anonymous_1)","decl":{"start":{"line":11,"column":30},"end":{"line":11,"column":31}},"loc":{"start":{"line":11,"column":37},"end":{"line":15,"column":3}},"line":11}},"branchMap":{"0":{"loc":{"start":{"line":12,"column":4},"end":{"line":14,"column":5}},"type":"if","locations":[{"start":{"line":12,"column":4},"end":{"line":14,"column":5}},{"start":{},"end":{}}],"line":12},"1":{"loc":{"start":{"line":17,"column":2},"end":{"line":23,"column":3}},"type":"if","locations":[{"start":{"line":17,"column":2},"end":{"line":23,"column":3}},{"start":{"line":21,"column":9},"end":{"line":23,"column":3}}],"line":17}},"s":{"0":0,"1":0,"2":0,"3":0,"4":0,"5":0,"6":0,"7":0},"f":{"0":0,"1":0},"b":{"0":[0,0],"1":[0,0]}}
,"/Users/leninortizreyes/Desktop/ZenTimerAppFront/ZenTimerAppFront/util/validationErrorMessage.js": {"path":"/Users/leninortizreyes/Desktop/ZenTimerAppFront/ZenTimerAppFront/util/validationErrorMessage.js","statementMap":{"0":{"start":{"line":7,"column":31},"end":{"line":9,"column":1}},"1":{"start":{"line":8,"column":2},"end":{"line":8,"column":48}}},"fnMap":{"0":{"name":"(anonymous_0)","decl":{"start":{"line":7,"column":31},"end":{"line":7,"column":32}},"loc":{"start":{"line":7,"column":44},"end":{"line":9,"column":1}},"line":7}},"branchMap":{},"s":{"0":0,"1":0},"f":{"0":0},"b":{}}
}
