{"/Users/leninortizreyes/Desktop/ZenTimerAppFront/ZenTimerAppFront/screens/StopwatchScreen/StopwatchScreen.js": {"path":"/Users/leninortizreyes/Desktop/ZenTimerAppFront/ZenTimerAppFront/screens/StopwatchScreen/StopwatchScreen.js","statementMap":{"0":{"start":{"line":58,"column":41},"end":{"line":58,"column":47}},"1":{"start":{"line":60,"column":24},"end":{"line":439,"column":1}},"2":{"start":{"line":64,"column":30},"end":{"line":66,"column":3}},"3":{"start":{"line":65,"column":13},"end":{"line":65,"column":58}},"4":{"start":{"line":67,"column":19},"end":{"line":67,"column":32}},"5":{"start":{"line":68,"column":22},"end":{"line":68,"column":73}},"6":{"start":{"line":68,"column":43},"end":{"line":68,"column":72}},"7":{"start":{"line":69,"column":24},"end":{"line":69,"column":79}},"8":{"start":{"line":69,"column":45},"end":{"line":69,"column":78}},"9":{"start":{"line":70,"column":22},"end":{"line":70,"column":73}},"10":{"start":{"line":70,"column":43},"end":{"line":70,"column":72}},"11":{"start":{"line":71,"column":24},"end":{"line":71,"column":79}},"12":{"start":{"line":71,"column":45},"end":{"line":71,"column":78}},"13":{"start":{"line":72,"column":20},"end":{"line":72,"column":67}},"14":{"start":{"line":72,"column":41},"end":{"line":72,"column":66}},"15":{"start":{"line":73,"column":21},"end":{"line":73,"column":70}},"16":{"start":{"line":73,"column":42},"end":{"line":73,"column":69}},"17":{"start":{"line":74,"column":24},"end":{"line":74,"column":79}},"18":{"start":{"line":74,"column":45},"end":{"line":74,"column":78}},"19":{"start":{"line":75,"column":19},"end":{"line":75,"column":64}},"20":{"start":{"line":75,"column":40},"end":{"line":75,"column":63}},"21":{"start":{"line":76,"column":22},"end":{"line":76,"column":73}},"22":{"start":{"line":76,"column":43},"end":{"line":76,"column":72}},"23":{"start":{"line":77,"column":21},"end":{"line":77,"column":70}},"24":{"start":{"line":77,"column":42},"end":{"line":77,"column":69}},"25":{"start":{"line":78,"column":26},"end":{"line":80,"column":3}},"26":{"start":{"line":79,"column":13},"end":{"line":79,"column":50}},"27":{"start":{"line":83,"column":23},"end":{"line":83,"column":40}},"28":{"start":{"line":85,"column":4},"end":{"line":85,"column":27}},"29":{"start":{"line":86,"column":64},"end":{"line":86,"column":77}},"30":{"start":{"line":87,"column":20},"end":{"line":87,"column":63}},"31":{"start":{"line":88,"column":47},"end":{"line":88,"column":74}},"32":{"start":{"line":99,"column":6},"end":{"line":99,"column":20}},"33":{"start":{"line":106,"column":6},"end":{"line":106,"column":25}},"34":{"start":{"line":110,"column":2},"end":{"line":120,"column":57}},"35":{"start":{"line":111,"column":4},"end":{"line":119,"column":5}},"36":{"start":{"line":112,"column":23},"end":{"line":112,"column":50}},"37":{"start":{"line":114,"column":20},"end":{"line":116,"column":18}},"38":{"start":{"line":115,"column":8},"end":{"line":115,"column":34}},"39":{"start":{"line":118,"column":6},"end":{"line":118,"column":39}},"40":{"start":{"line":118,"column":19},"end":{"line":118,"column":38}},"41":{"start":{"line":122,"column":2},"end":{"line":127,"column":22}},"42":{"start":{"line":123,"column":4},"end":{"line":126,"column":5}},"43":{"start":{"line":125,"column":6},"end":{"line":125,"column":24}},"44":{"start":{"line":140,"column":25},"end":{"line":160,"column":3}},"45":{"start":{"line":141,"column":4},"end":{"line":159,"column":5}},"46":{"start":{"line":142,"column":6},"end":{"line":150,"column":7}},"47":{"start":{"line":143,"column":8},"end":{"line":143,"column":33}},"48":{"start":{"line":144,"column":13},"end":{"line":150,"column":7}},"49":{"start":{"line":145,"column":8},"end":{"line":145,"column":31}},"50":{"start":{"line":146,"column":13},"end":{"line":150,"column":7}},"51":{"start":{"line":147,"column":8},"end":{"line":147,"column":31}},"52":{"start":{"line":148,"column":13},"end":{"line":150,"column":7}},"53":{"start":{"line":149,"column":8},"end":{"line":149,"column":29}},"54":{"start":{"line":152,"column":6},"end":{"line":158,"column":7}},"55":{"start":{"line":153,"column":8},"end":{"line":157,"column":9}},"56":{"start":{"line":154,"column":10},"end":{"line":154,"column":31}},"57":{"start":{"line":156,"column":10},"end":{"line":156,"column":28}},"58":{"start":{"line":163,"column":25},"end":{"line":178,"column":3}},"59":{"start":{"line":164,"column":27},"end":{"line":164,"column":42}},"60":{"start":{"line":165,"column":4},"end":{"line":165,"column":45}},"61":{"start":{"line":167,"column":4},"end":{"line":177,"column":5}},"62":{"start":{"line":168,"column":6},"end":{"line":168,"column":30}},"63":{"start":{"line":169,"column":11},"end":{"line":177,"column":5}},"64":{"start":{"line":171,"column":6},"end":{"line":171,"column":49}},"65":{"start":{"line":172,"column":6},"end":{"line":172,"column":29}},"66":{"start":{"line":173,"column":11},"end":{"line":177,"column":5}},"67":{"start":{"line":175,"column":6},"end":{"line":175,"column":49}},"68":{"start":{"line":176,"column":6},"end":{"line":176,"column":35}},"69":{"start":{"line":181,"column":26},"end":{"line":196,"column":3}},"70":{"start":{"line":182,"column":4},"end":{"line":182,"column":30}},"71":{"start":{"line":183,"column":4},"end":{"line":183,"column":34}},"72":{"start":{"line":185,"column":4},"end":{"line":188,"column":5}},"73":{"start":{"line":186,"column":6},"end":{"line":186,"column":80}},"74":{"start":{"line":187,"column":6},"end":{"line":187,"column":13}},"75":{"start":{"line":190,"column":4},"end":{"line":195,"column":5}},"76":{"start":{"line":191,"column":6},"end":{"line":191,"column":68}},"77":{"start":{"line":192,"column":6},"end":{"line":192,"column":68}},"78":{"start":{"line":193,"column":6},"end":{"line":193,"column":31}},"79":{"start":{"line":194,"column":6},"end":{"line":194,"column":13}},"80":{"start":{"line":198,"column":33},"end":{"line":213,"column":3}},"81":{"start":{"line":199,"column":4},"end":{"line":199,"column":47}},"82":{"start":{"line":201,"column":4},"end":{"line":201,"column":29}},"83":{"start":{"line":203,"column":4},"end":{"line":203,"column":31}},"84":{"start":{"line":204,"column":4},"end":{"line":204,"column":39}},"85":{"start":{"line":206,"column":4},"end":{"line":212,"column":13}},"86":{"start":{"line":208,"column":6},"end":{"line":208,"column":21}},"87":{"start":{"line":209,"column":6},"end":{"line":211,"column":8}},"88":{"start":{"line":216,"column":46},"end":{"line":219,"column":3}},"89":{"start":{"line":221,"column":32},"end":{"line":224,"column":3}},"90":{"start":{"line":222,"column":4},"end":{"line":222,"column":36}},"91":{"start":{"line":223,"column":4},"end":{"line":223,"column":32}},"92":{"start":{"line":227,"column":26},"end":{"line":233,"column":4}},"93":{"start":{"line":227,"column":39},"end":{"line":233,"column":3}},"94":{"start":{"line":235,"column":2},"end":{"line":438,"column":4}},"95":{"start":{"line":243,"column":25},"end":{"line":243,"column":70}},"96":{"start":{"line":250,"column":25},"end":{"line":250,"column":57}},"97":{"start":{"line":257,"column":25},"end":{"line":257,"column":58}},"98":{"start":{"line":264,"column":25},"end":{"line":264,"column":58}},"99":{"start":{"line":271,"column":25},"end":{"line":271,"column":58}},"100":{"start":{"line":278,"column":25},"end":{"line":278,"column":58}},"101":{"start":{"line":285,"column":25},"end":{"line":285,"column":70}},"102":{"start":{"line":348,"column":12},"end":{"line":351,"column":13}},"103":{"start":{"line":349,"column":14},"end":{"line":349,"column":37}},"104":{"start":{"line":350,"column":14},"end":{"line":350,"column":36}},"105":{"start":{"line":367,"column":12},"end":{"line":370,"column":13}},"106":{"start":{"line":368,"column":14},"end":{"line":368,"column":31}},"107":{"start":{"line":369,"column":14},"end":{"line":369,"column":35}},"108":{"start":{"line":387,"column":14},"end":{"line":387,"column":31}},"109":{"start":{"line":388,"column":14},"end":{"line":388,"column":35}},"110":{"start":{"line":402,"column":14},"end":{"line":405,"column":15}},"111":{"start":{"line":403,"column":16},"end":{"line":403,"column":33}},"112":{"start":{"line":404,"column":16},"end":{"line":404,"column":37}},"113":{"start":{"line":420,"column":12},"end":{"line":423,"column":13}},"114":{"start":{"line":421,"column":14},"end":{"line":421,"column":32}},"115":{"start":{"line":422,"column":14},"end":{"line":422,"column":35}},"116":{"start":{"line":441,"column":15},"end":{"line":447,"column":2}}},"fnMap":{"0":{"name":"(anonymous_0)","decl":{"start":{"line":60,"column":24},"end":{"line":60,"column":25}},"loc":{"start":{"line":60,"column":30},"end":{"line":439,"column":1}},"line":60},"1":{"name":"(anonymous_1)","decl":{"start":{"line":65,"column":4},"end":{"line":65,"column":5}},"loc":{"start":{"line":65,"column":13},"end":{"line":65,"column":58}},"line":65},"2":{"name":"(anonymous_2)","decl":{"start":{"line":68,"column":34},"end":{"line":68,"column":35}},"loc":{"start":{"line":68,"column":43},"end":{"line":68,"column":72}},"line":68},"3":{"name":"(anonymous_3)","decl":{"start":{"line":69,"column":36},"end":{"line":69,"column":37}},"loc":{"start":{"line":69,"column":45},"end":{"line":69,"column":78}},"line":69},"4":{"name":"(anonymous_4)","decl":{"start":{"line":70,"column":34},"end":{"line":70,"column":35}},"loc":{"start":{"line":70,"column":43},"end":{"line":70,"column":72}},"line":70},"5":{"name":"(anonymous_5)","decl":{"start":{"line":71,"column":36},"end":{"line":71,"column":37}},"loc":{"start":{"line":71,"column":45},"end":{"line":71,"column":78}},"line":71},"6":{"name":"(anonymous_6)","decl":{"start":{"line":72,"column":32},"end":{"line":72,"column":33}},"loc":{"start":{"line":72,"column":41},"end":{"line":72,"column":66}},"line":72},"7":{"name":"(anonymous_7)","decl":{"start":{"line":73,"column":33},"end":{"line":73,"column":34}},"loc":{"start":{"line":73,"column":42},"end":{"line":73,"column":69}},"line":73},"8":{"name":"(anonymous_8)","decl":{"start":{"line":74,"column":36},"end":{"line":74,"column":37}},"loc":{"start":{"line":74,"column":45},"end":{"line":74,"column":78}},"line":74},"9":{"name":"(anonymous_9)","decl":{"start":{"line":75,"column":31},"end":{"line":75,"column":32}},"loc":{"start":{"line":75,"column":40},"end":{"line":75,"column":63}},"line":75},"10":{"name":"(anonymous_10)","decl":{"start":{"line":76,"column":34},"end":{"line":76,"column":35}},"loc":{"start":{"line":76,"column":43},"end":{"line":76,"column":72}},"line":76},"11":{"name":"(anonymous_11)","decl":{"start":{"line":77,"column":33},"end":{"line":77,"column":34}},"loc":{"start":{"line":77,"column":42},"end":{"line":77,"column":69}},"line":77},"12":{"name":"(anonymous_12)","decl":{"start":{"line":79,"column":4},"end":{"line":79,"column":5}},"loc":{"start":{"line":79,"column":13},"end":{"line":79,"column":50}},"line":79},"13":{"name":"(anonymous_13)","decl":{"start":{"line":110,"column":12},"end":{"line":110,"column":13}},"loc":{"start":{"line":110,"column":18},"end":{"line":120,"column":3}},"line":110},"14":{"name":"(anonymous_14)","decl":{"start":{"line":114,"column":31},"end":{"line":114,"column":32}},"loc":{"start":{"line":114,"column":37},"end":{"line":116,"column":7}},"line":114},"15":{"name":"(anonymous_15)","decl":{"start":{"line":118,"column":13},"end":{"line":118,"column":14}},"loc":{"start":{"line":118,"column":19},"end":{"line":118,"column":38}},"line":118},"16":{"name":"(anonymous_16)","decl":{"start":{"line":122,"column":12},"end":{"line":122,"column":13}},"loc":{"start":{"line":122,"column":18},"end":{"line":127,"column":3}},"line":122},"17":{"name":"(anonymous_17)","decl":{"start":{"line":140,"column":25},"end":{"line":140,"column":26}},"loc":{"start":{"line":140,"column":31},"end":{"line":160,"column":3}},"line":140},"18":{"name":"(anonymous_18)","decl":{"start":{"line":163,"column":25},"end":{"line":163,"column":26}},"loc":{"start":{"line":163,"column":31},"end":{"line":178,"column":3}},"line":163},"19":{"name":"(anonymous_19)","decl":{"start":{"line":181,"column":26},"end":{"line":181,"column":27}},"loc":{"start":{"line":181,"column":32},"end":{"line":196,"column":3}},"line":181},"20":{"name":"(anonymous_20)","decl":{"start":{"line":198,"column":33},"end":{"line":198,"column":34}},"loc":{"start":{"line":198,"column":39},"end":{"line":213,"column":3}},"line":198},"21":{"name":"(anonymous_21)","decl":{"start":{"line":206,"column":15},"end":{"line":206,"column":16}},"loc":{"start":{"line":206,"column":21},"end":{"line":212,"column":5}},"line":206},"22":{"name":"(anonymous_22)","decl":{"start":{"line":221,"column":32},"end":{"line":221,"column":33}},"loc":{"start":{"line":221,"column":58},"end":{"line":224,"column":3}},"line":221},"23":{"name":"(anonymous_23)","decl":{"start":{"line":227,"column":26},"end":{"line":227,"column":27}},"loc":{"start":{"line":227,"column":39},"end":{"line":233,"column":3}},"line":227},"24":{"name":"(anonymous_24)","decl":{"start":{"line":243,"column":19},"end":{"line":243,"column":20}},"loc":{"start":{"line":243,"column":25},"end":{"line":243,"column":70}},"line":243},"25":{"name":"(anonymous_25)","decl":{"start":{"line":250,"column":19},"end":{"line":250,"column":20}},"loc":{"start":{"line":250,"column":25},"end":{"line":250,"column":57}},"line":250},"26":{"name":"(anonymous_26)","decl":{"start":{"line":257,"column":19},"end":{"line":257,"column":20}},"loc":{"start":{"line":257,"column":25},"end":{"line":257,"column":58}},"line":257},"27":{"name":"(anonymous_27)","decl":{"start":{"line":264,"column":19},"end":{"line":264,"column":20}},"loc":{"start":{"line":264,"column":25},"end":{"line":264,"column":58}},"line":264},"28":{"name":"(anonymous_28)","decl":{"start":{"line":271,"column":19},"end":{"line":271,"column":20}},"loc":{"start":{"line":271,"column":25},"end":{"line":271,"column":58}},"line":271},"29":{"name":"(anonymous_29)","decl":{"start":{"line":278,"column":19},"end":{"line":278,"column":20}},"loc":{"start":{"line":278,"column":25},"end":{"line":278,"column":58}},"line":278},"30":{"name":"(anonymous_30)","decl":{"start":{"line":285,"column":19},"end":{"line":285,"column":20}},"loc":{"start":{"line":285,"column":25},"end":{"line":285,"column":70}},"line":285},"31":{"name":"(anonymous_31)","decl":{"start":{"line":347,"column":19},"end":{"line":347,"column":20}},"loc":{"start":{"line":347,"column":25},"end":{"line":352,"column":11}},"line":347},"32":{"name":"(anonymous_32)","decl":{"start":{"line":366,"column":19},"end":{"line":366,"column":20}},"loc":{"start":{"line":366,"column":25},"end":{"line":371,"column":11}},"line":366},"33":{"name":"(anonymous_33)","decl":{"start":{"line":386,"column":21},"end":{"line":386,"column":22}},"loc":{"start":{"line":386,"column":27},"end":{"line":389,"column":13}},"line":386},"34":{"name":"(anonymous_34)","decl":{"start":{"line":401,"column":21},"end":{"line":401,"column":22}},"loc":{"start":{"line":401,"column":27},"end":{"line":406,"column":13}},"line":401},"35":{"name":"(anonymous_35)","decl":{"start":{"line":419,"column":19},"end":{"line":419,"column":20}},"loc":{"start":{"line":419,"column":25},"end":{"line":424,"column":11}},"line":419}},"branchMap":{"0":{"loc":{"start":{"line":111,"column":4},"end":{"line":119,"column":5}},"type":"if","locations":[{"start":{"line":111,"column":4},"end":{"line":119,"column":5}},{"start":{},"end":{}}],"line":111},"1":{"loc":{"start":{"line":112,"column":23},"end":{"line":112,"column":50}},"type":"cond-expr","locations":[{"start":{"line":112,"column":39},"end":{"line":112,"column":43}},{"start":{"line":112,"column":46},"end":{"line":112,"column":50}}],"line":112},"2":{"loc":{"start":{"line":123,"column":4},"end":{"line":126,"column":5}},"type":"if","locations":[{"start":{"line":123,"column":4},"end":{"line":126,"column":5}},{"start":{},"end":{}}],"line":123},"3":{"loc":{"start":{"line":141,"column":4},"end":{"line":159,"column":5}},"type":"if","locations":[{"start":{"line":141,"column":4},"end":{"line":159,"column":5}},{"start":{"line":151,"column":11},"end":{"line":159,"column":5}}],"line":141},"4":{"loc":{"start":{"line":142,"column":6},"end":{"line":150,"column":7}},"type":"if","locations":[{"start":{"line":142,"column":6},"end":{"line":150,"column":7}},{"start":{"line":144,"column":13},"end":{"line":150,"column":7}}],"line":142},"5":{"loc":{"start":{"line":142,"column":10},"end":{"line":142,"column":55}},"type":"binary-expr","locations":[{"start":{"line":142,"column":10},"end":{"line":142,"column":32}},{"start":{"line":142,"column":36},"end":{"line":142,"column":55}}],"line":142},"6":{"loc":{"start":{"line":144,"column":13},"end":{"line":150,"column":7}},"type":"if","locations":[{"start":{"line":144,"column":13},"end":{"line":150,"column":7}},{"start":{"line":146,"column":13},"end":{"line":150,"column":7}}],"line":144},"7":{"loc":{"start":{"line":144,"column":17},"end":{"line":144,"column":62}},"type":"binary-expr","locations":[{"start":{"line":144,"column":17},"end":{"line":144,"column":39}},{"start":{"line":144,"column":43},"end":{"line":144,"column":62}}],"line":144},"8":{"loc":{"start":{"line":146,"column":13},"end":{"line":150,"column":7}},"type":"if","locations":[{"start":{"line":146,"column":13},"end":{"line":150,"column":7}},{"start":{"line":148,"column":13},"end":{"line":150,"column":7}}],"line":146},"9":{"loc":{"start":{"line":146,"column":17},"end":{"line":146,"column":60}},"type":"binary-expr","locations":[{"start":{"line":146,"column":17},"end":{"line":146,"column":39}},{"start":{"line":146,"column":43},"end":{"line":146,"column":60}}],"line":146},"10":{"loc":{"start":{"line":148,"column":13},"end":{"line":150,"column":7}},"type":"if","locations":[{"start":{"line":148,"column":13},"end":{"line":150,"column":7}},{"start":{},"end":{}}],"line":148},"11":{"loc":{"start":{"line":148,"column":17},"end":{"line":148,"column":60}},"type":"binary-expr","locations":[{"start":{"line":148,"column":17},"end":{"line":148,"column":39}},{"start":{"line":148,"column":43},"end":{"line":148,"column":60}}],"line":148},"12":{"loc":{"start":{"line":152,"column":6},"end":{"line":158,"column":7}},"type":"if","locations":[{"start":{"line":152,"column":6},"end":{"line":158,"column":7}},{"start":{},"end":{}}],"line":152},"13":{"loc":{"start":{"line":152,"column":10},"end":{"line":152,"column":53}},"type":"binary-expr","locations":[{"start":{"line":152,"column":10},"end":{"line":152,"column":32}},{"start":{"line":152,"column":36},"end":{"line":152,"column":53}}],"line":152},"14":{"loc":{"start":{"line":153,"column":8},"end":{"line":157,"column":9}},"type":"if","locations":[{"start":{"line":153,"column":8},"end":{"line":157,"column":9}},{"start":{"line":155,"column":15},"end":{"line":157,"column":9}}],"line":153},"15":{"loc":{"start":{"line":167,"column":4},"end":{"line":177,"column":5}},"type":"if","locations":[{"start":{"line":167,"column":4},"end":{"line":177,"column":5}},{"start":{"line":169,"column":11},"end":{"line":177,"column":5}}],"line":167},"16":{"loc":{"start":{"line":169,"column":11},"end":{"line":177,"column":5}},"type":"if","locations":[{"start":{"line":169,"column":11},"end":{"line":177,"column":5}},{"start":{"line":173,"column":11},"end":{"line":177,"column":5}}],"line":169},"17":{"loc":{"start":{"line":173,"column":11},"end":{"line":177,"column":5}},"type":"if","locations":[{"start":{"line":173,"column":11},"end":{"line":177,"column":5}},{"start":{},"end":{}}],"line":173},"18":{"loc":{"start":{"line":185,"column":4},"end":{"line":188,"column":5}},"type":"if","locations":[{"start":{"line":185,"column":4},"end":{"line":188,"column":5}},{"start":{},"end":{}}],"line":185},"19":{"loc":{"start":{"line":185,"column":8},"end":{"line":185,"column":40}},"type":"binary-expr","locations":[{"start":{"line":185,"column":8},"end":{"line":185,"column":27}},{"start":{"line":185,"column":31},"end":{"line":185,"column":40}}],"line":185},"20":{"loc":{"start":{"line":190,"column":4},"end":{"line":195,"column":5}},"type":"if","locations":[{"start":{"line":190,"column":4},"end":{"line":195,"column":5}},{"start":{},"end":{}}],"line":190},"21":{"loc":{"start":{"line":190,"column":8},"end":{"line":190,"column":58}},"type":"binary-expr","locations":[{"start":{"line":190,"column":9},"end":{"line":190,"column":28}},{"start":{"line":190,"column":32},"end":{"line":190,"column":40}},{"start":{"line":190,"column":45},"end":{"line":190,"column":58}}],"line":190},"22":{"loc":{"start":{"line":228,"column":17},"end":{"line":228,"column":75}},"type":"cond-expr","locations":[{"start":{"line":228,"column":45},"end":{"line":228,"column":60}},{"start":{"line":228,"column":63},"end":{"line":228,"column":75}}],"line":228},"23":{"loc":{"start":{"line":231,"column":13},"end":{"line":231,"column":42}},"type":"cond-expr","locations":[{"start":{"line":231,"column":37},"end":{"line":231,"column":38}},{"start":{"line":231,"column":41},"end":{"line":231,"column":42}}],"line":231},"24":{"loc":{"start":{"line":231,"column":13},"end":{"line":231,"column":34}},"type":"binary-expr","locations":[{"start":{"line":231,"column":13},"end":{"line":231,"column":22}},{"start":{"line":231,"column":26},"end":{"line":231,"column":34}}],"line":231},"25":{"loc":{"start":{"line":232,"column":12},"end":{"line":232,"column":61}},"type":"cond-expr","locations":[{"start":{"line":232,"column":36},"end":{"line":232,"column":49}},{"start":{"line":232,"column":52},"end":{"line":232,"column":61}}],"line":232},"26":{"loc":{"start":{"line":232,"column":12},"end":{"line":232,"column":33}},"type":"binary-expr","locations":[{"start":{"line":232,"column":12},"end":{"line":232,"column":21}},{"start":{"line":232,"column":25},"end":{"line":232,"column":33}}],"line":232},"27":{"loc":{"start":{"line":245,"column":20},"end":{"line":245,"column":41}},"type":"binary-expr","locations":[{"start":{"line":245,"column":20},"end":{"line":245,"column":29}},{"start":{"line":245,"column":33},"end":{"line":245,"column":41}}],"line":245},"28":{"loc":{"start":{"line":252,"column":20},"end":{"line":252,"column":41}},"type":"binary-expr","locations":[{"start":{"line":252,"column":20},"end":{"line":252,"column":29}},{"start":{"line":252,"column":33},"end":{"line":252,"column":41}}],"line":252},"29":{"loc":{"start":{"line":259,"column":20},"end":{"line":259,"column":41}},"type":"binary-expr","locations":[{"start":{"line":259,"column":20},"end":{"line":259,"column":29}},{"start":{"line":259,"column":33},"end":{"line":259,"column":41}}],"line":259},"30":{"loc":{"start":{"line":266,"column":20},"end":{"line":266,"column":41}},"type":"binary-expr","locations":[{"start":{"line":266,"column":20},"end":{"line":266,"column":29}},{"start":{"line":266,"column":33},"end":{"line":266,"column":41}}],"line":266},"31":{"loc":{"start":{"line":273,"column":20},"end":{"line":273,"column":41}},"type":"binary-expr","locations":[{"start":{"line":273,"column":20},"end":{"line":273,"column":29}},{"start":{"line":273,"column":33},"end":{"line":273,"column":41}}],"line":273},"32":{"loc":{"start":{"line":280,"column":20},"end":{"line":280,"column":41}},"type":"binary-expr","locations":[{"start":{"line":280,"column":20},"end":{"line":280,"column":29}},{"start":{"line":280,"column":33},"end":{"line":280,"column":41}}],"line":280},"33":{"loc":{"start":{"line":287,"column":20},"end":{"line":287,"column":41}},"type":"binary-expr","locations":[{"start":{"line":287,"column":20},"end":{"line":287,"column":29}},{"start":{"line":287,"column":33},"end":{"line":287,"column":41}}],"line":287},"34":{"loc":{"start":{"line":314,"column":30},"end":{"line":314,"column":79}},"type":"cond-expr","locations":[{"start":{"line":314,"column":59},"end":{"line":314,"column":75}},{"start":{"line":314,"column":78},"end":{"line":314,"column":79}}],"line":314},"35":{"loc":{"start":{"line":348,"column":12},"end":{"line":351,"column":13}},"type":"if","locations":[{"start":{"line":348,"column":12},"end":{"line":351,"column":13}},{"start":{},"end":{}}],"line":348},"36":{"loc":{"start":{"line":348,"column":16},"end":{"line":348,"column":45}},"type":"binary-expr","locations":[{"start":{"line":348,"column":16},"end":{"line":348,"column":32}},{"start":{"line":348,"column":36},"end":{"line":348,"column":45}}],"line":348},"37":{"loc":{"start":{"line":354,"column":23},"end":{"line":354,"column":52}},"type":"cond-expr","locations":[{"start":{"line":354,"column":43},"end":{"line":354,"column":46}},{"start":{"line":354,"column":49},"end":{"line":354,"column":52}}],"line":354},"38":{"loc":{"start":{"line":355,"column":21},"end":{"line":355,"column":58}},"type":"cond-expr","locations":[{"start":{"line":355,"column":51},"end":{"line":355,"column":54}},{"start":{"line":355,"column":57},"end":{"line":355,"column":58}}],"line":355},"39":{"loc":{"start":{"line":355,"column":21},"end":{"line":355,"column":48}},"type":"binary-expr","locations":[{"start":{"line":355,"column":21},"end":{"line":355,"column":36}},{"start":{"line":355,"column":40},"end":{"line":355,"column":48}}],"line":355},"40":{"loc":{"start":{"line":356,"column":20},"end":{"line":356,"column":75}},"type":"cond-expr","locations":[{"start":{"line":356,"column":50},"end":{"line":356,"column":63}},{"start":{"line":356,"column":66},"end":{"line":356,"column":75}}],"line":356},"41":{"loc":{"start":{"line":356,"column":20},"end":{"line":356,"column":47}},"type":"binary-expr","locations":[{"start":{"line":356,"column":20},"end":{"line":356,"column":35}},{"start":{"line":356,"column":39},"end":{"line":356,"column":47}}],"line":356},"42":{"loc":{"start":{"line":360,"column":11},"end":{"line":360,"column":76}},"type":"cond-expr","locations":[{"start":{"line":360,"column":36},"end":{"line":360,"column":48}},{"start":{"line":360,"column":51},"end":{"line":360,"column":76}}],"line":360},"43":{"loc":{"start":{"line":367,"column":12},"end":{"line":370,"column":13}},"type":"if","locations":[{"start":{"line":367,"column":12},"end":{"line":370,"column":13}},{"start":{},"end":{}}],"line":367},"44":{"loc":{"start":{"line":378,"column":19},"end":{"line":378,"column":67}},"type":"cond-expr","locations":[{"start":{"line":378,"column":38},"end":{"line":378,"column":52}},{"start":{"line":378,"column":55},"end":{"line":378,"column":67}}],"line":378},"45":{"loc":{"start":{"line":379,"column":30},"end":{"line":379,"column":55}},"type":"cond-expr","locations":[{"start":{"line":379,"column":48},"end":{"line":379,"column":51}},{"start":{"line":379,"column":54},"end":{"line":379,"column":55}}],"line":379},"46":{"loc":{"start":{"line":384,"column":9},"end":{"line":417,"column":9}},"type":"cond-expr","locations":[{"start":{"line":385,"column":10},"end":{"line":398,"column":30}},{"start":{"line":400,"column":10},"end":{"line":416,"column":30}}],"line":384},"47":{"loc":{"start":{"line":396,"column":21},"end":{"line":396,"column":69}},"type":"cond-expr","locations":[{"start":{"line":396,"column":40},"end":{"line":396,"column":54}},{"start":{"line":396,"column":57},"end":{"line":396,"column":69}}],"line":396},"48":{"loc":{"start":{"line":402,"column":14},"end":{"line":405,"column":15}},"type":"if","locations":[{"start":{"line":402,"column":14},"end":{"line":405,"column":15}},{"start":{},"end":{}}],"line":402},"49":{"loc":{"start":{"line":413,"column":21},"end":{"line":413,"column":69}},"type":"cond-expr","locations":[{"start":{"line":413,"column":40},"end":{"line":413,"column":54}},{"start":{"line":413,"column":57},"end":{"line":413,"column":69}}],"line":413},"50":{"loc":{"start":{"line":414,"column":32},"end":{"line":414,"column":57}},"type":"cond-expr","locations":[{"start":{"line":414,"column":50},"end":{"line":414,"column":53}},{"start":{"line":414,"column":56},"end":{"line":414,"column":57}}],"line":414},"51":{"loc":{"start":{"line":420,"column":12},"end":{"line":423,"column":13}},"type":"if","locations":[{"start":{"line":420,"column":12},"end":{"line":423,"column":13}},{"start":{},"end":{}}],"line":420},"52":{"loc":{"start":{"line":431,"column":19},"end":{"line":431,"column":67}},"type":"cond-expr","locations":[{"start":{"line":431,"column":38},"end":{"line":431,"column":52}},{"start":{"line":431,"column":55},"end":{"line":431,"column":67}}],"line":431},"53":{"loc":{"start":{"line":432,"column":30},"end":{"line":432,"column":55}},"type":"cond-expr","locations":[{"start":{"line":432,"column":48},"end":{"line":432,"column":51}},{"start":{"line":432,"column":54},"end":{"line":432,"column":55}}],"line":432}},"s":{"0":1,"1":1,"2":0,"3":0,"4":0,"5":0,"6":0,"7":0,"8":0,"9":0,"10":0,"11":0,"12":0,"13":0,"14":0,"15":0,"16":0,"17":0,"18":0,"19":0,"20":0,"21":0,"22":0,"23":0,"24":0,"25":0,"26":0,"27":0,"28":0,"29":0,"30":0,"31":0,"32":0,"33":0,"34":0,"35":0,"36":0,"37":0,"38":0,"39":0,"40":0,"41":0,"42":0,"43":0,"44":0,"45":0,"46":0,"47":0,"48":0,"49":0,"50":0,"51":0,"52":0,"53":0,"54":0,"55":0,"56":0,"57":0,"58":0,"59":0,"60":0,"61":0,"62":0,"63":0,"64":0,"65":0,"66":0,"67":0,"68":0,"69":0,"70":0,"71":0,"72":0,"73":0,"74":0,"75":0,"76":0,"77":0,"78":0,"79":0,"80":0,"81":0,"82":0,"83":0,"84":0,"85":0,"86":0,"87":0,"88":0,"89":0,"90":0,"91":0,"92":0,"93":0,"94":0,"95":0,"96":0,"97":0,"98":0,"99":0,"100":0,"101":0,"102":0,"103":0,"104":0,"105":0,"106":0,"107":0,"108":0,"109":0,"110":0,"111":0,"112":0,"113":0,"114":0,"115":0,"116":1},"f":{"0":0,"1":0,"2":0,"3":0,"4":0,"5":0,"6":0,"7":0,"8":0,"9":0,"10":0,"11":0,"12":0,"13":0,"14":0,"15":0,"16":0,"17":0,"18":0,"19":0,"20":0,"21":0,"22":0,"23":0,"24":0,"25":0,"26":0,"27":0,"28":0,"29":0,"30":0,"31":0,"32":0,"33":0,"34":0,"35":0},"b":{"0":[0,0],"1":[0,0],"2":[0,0],"3":[0,0],"4":[0,0],"5":[0,0],"6":[0,0],"7":[0,0],"8":[0,0],"9":[0,0],"10":[0,0],"11":[0,0],"12":[0,0],"13":[0,0],"14":[0,0],"15":[0,0],"16":[0,0],"17":[0,0],"18":[0,0],"19":[0,0],"20":[0,0],"21":[0,0,0],"22":[0,0],"23":[0,0],"24":[0,0],"25":[0,0],"26":[0,0],"27":[0,0],"28":[0,0],"29":[0,0],"30":[0,0],"31":[0,0],"32":[0,0],"33":[0,0],"34":[0,0],"35":[0,0],"36":[0,0],"37":[0,0],"38":[0,0],"39":[0,0],"40":[0,0],"41":[0,0],"42":[0,0],"43":[0,0],"44":[0,0],"45":[0,0],"46":[0,0],"47":[0,0],"48":[0,0],"49":[0,0],"50":[0,0],"51":[0,0],"52":[0,0],"53":[0,0]},"_coverageSchema":"1a1c01bbd47fc00a2c39e90264f33305004495a9","hash":"28b5320591c2f1378f8b7b37d46b856d44d79012"}
}
