TN:
SF:screens/StopwatchScreen/StopwatchScreen.js
FN:60,(anonymous_0)
FN:65,(anonymous_1)
FN:68,(anonymous_2)
FN:69,(anonymous_3)
FN:70,(anonymous_4)
FN:71,(anonymous_5)
FN:72,(anonymous_6)
FN:73,(anonymous_7)
FN:74,(anonymous_8)
FN:75,(anonymous_9)
FN:76,(anonymous_10)
FN:77,(anonymous_11)
FN:79,(anonymous_12)
FN:110,(anonymous_13)
FN:114,(anonymous_14)
FN:118,(anonymous_15)
FN:122,(anonymous_16)
FN:140,(anonymous_17)
FN:163,(anonymous_18)
FN:181,(anonymous_19)
FN:198,(anonymous_20)
FN:206,(anonymous_21)
FN:221,(anonymous_22)
FN:227,(anonymous_23)
FN:243,(anonymous_24)
FN:250,(anonymous_25)
FN:257,(anonymous_26)
FN:264,(anonymous_27)
FN:271,(anonymous_28)
FN:278,(anonymous_29)
FN:285,(anonymous_30)
FN:347,(anonymous_31)
FN:366,(anonymous_32)
FN:386,(anonymous_33)
FN:401,(anonymous_34)
FN:419,(anonymous_35)
FNF:36
FNH:0
FNDA:0,(anonymous_0)
FNDA:0,(anonymous_1)
FNDA:0,(anonymous_2)
FNDA:0,(anonymous_3)
FNDA:0,(anonymous_4)
FNDA:0,(anonymous_5)
FNDA:0,(anonymous_6)
FNDA:0,(anonymous_7)
FNDA:0,(anonymous_8)
FNDA:0,(anonymous_9)
FNDA:0,(anonymous_10)
FNDA:0,(anonymous_11)
FNDA:0,(anonymous_12)
FNDA:0,(anonymous_13)
FNDA:0,(anonymous_14)
FNDA:0,(anonymous_15)
FNDA:0,(anonymous_16)
FNDA:0,(anonymous_17)
FNDA:0,(anonymous_18)
FNDA:0,(anonymous_19)
FNDA:0,(anonymous_20)
FNDA:0,(anonymous_21)
FNDA:0,(anonymous_22)
FNDA:0,(anonymous_23)
FNDA:0,(anonymous_24)
FNDA:0,(anonymous_25)
FNDA:0,(anonymous_26)
FNDA:0,(anonymous_27)
FNDA:0,(anonymous_28)
FNDA:0,(anonymous_29)
FNDA:0,(anonymous_30)
FNDA:0,(anonymous_31)
FNDA:0,(anonymous_32)
FNDA:0,(anonymous_33)
FNDA:0,(anonymous_34)
FNDA:0,(anonymous_35)
DA:58,1
DA:60,1
DA:64,0
DA:65,0
DA:67,0
DA:68,0
DA:69,0
DA:70,0
DA:71,0
DA:72,0
DA:73,0
DA:74,0
DA:75,0
DA:76,0
DA:77,0
DA:78,0
DA:79,0
DA:83,0
DA:85,0
DA:86,0
DA:87,0
DA:88,0
DA:99,0
DA:106,0
DA:110,0
DA:111,0
DA:112,0
DA:114,0
DA:115,0
DA:118,0
DA:122,0
DA:123,0
DA:125,0
DA:140,0
DA:141,0
DA:142,0
DA:143,0
DA:144,0
DA:145,0
DA:146,0
DA:147,0
DA:148,0
DA:149,0
DA:152,0
DA:153,0
DA:154,0
DA:156,0
DA:163,0
DA:164,0
DA:165,0
DA:167,0
DA:168,0
DA:169,0
DA:171,0
DA:172,0
DA:173,0
DA:175,0
DA:176,0
DA:181,0
DA:182,0
DA:183,0
DA:185,0
DA:186,0
DA:187,0
DA:190,0
DA:191,0
DA:192,0
DA:193,0
DA:194,0
DA:198,0
DA:199,0
DA:201,0
DA:203,0
DA:204,0
DA:206,0
DA:208,0
DA:209,0
DA:216,0
DA:221,0
DA:222,0
DA:223,0
DA:227,0
DA:235,0
DA:243,0
DA:250,0
DA:257,0
DA:264,0
DA:271,0
DA:278,0
DA:285,0
DA:348,0
DA:349,0
DA:350,0
DA:367,0
DA:368,0
DA:369,0
DA:387,0
DA:388,0
DA:402,0
DA:403,0
DA:404,0
DA:420,0
DA:421,0
DA:422,0
DA:441,1
LF:105
LH:3
BRDA:111,0,0,0
BRDA:111,0,1,0
BRDA:112,1,0,0
BRDA:112,1,1,0
BRDA:123,2,0,0
BRDA:123,2,1,0
BRDA:141,3,0,0
BRDA:141,3,1,0
BRDA:142,4,0,0
BRDA:142,4,1,0
BRDA:142,5,0,0
BRDA:142,5,1,0
BRDA:144,6,0,0
BRDA:144,6,1,0
BRDA:144,7,0,0
BRDA:144,7,1,0
BRDA:146,8,0,0
BRDA:146,8,1,0
BRDA:146,9,0,0
BRDA:146,9,1,0
BRDA:148,10,0,0
BRDA:148,10,1,0
BRDA:148,11,0,0
BRDA:148,11,1,0
BRDA:152,12,0,0
BRDA:152,12,1,0
BRDA:152,13,0,0
BRDA:152,13,1,0
BRDA:153,14,0,0
BRDA:153,14,1,0
BRDA:167,15,0,0
BRDA:167,15,1,0
BRDA:169,16,0,0
BRDA:169,16,1,0
BRDA:173,17,0,0
BRDA:173,17,1,0
BRDA:185,18,0,0
BRDA:185,18,1,0
BRDA:185,19,0,0
BRDA:185,19,1,0
BRDA:190,20,0,0
BRDA:190,20,1,0
BRDA:190,21,0,0
BRDA:190,21,1,0
BRDA:190,21,2,0
BRDA:228,22,0,0
BRDA:228,22,1,0
BRDA:231,23,0,0
BRDA:231,23,1,0
BRDA:231,24,0,0
BRDA:231,24,1,0
BRDA:232,25,0,0
BRDA:232,25,1,0
BRDA:232,26,0,0
BRDA:232,26,1,0
BRDA:245,27,0,0
BRDA:245,27,1,0
BRDA:252,28,0,0
BRDA:252,28,1,0
BRDA:259,29,0,0
BRDA:259,29,1,0
BRDA:266,30,0,0
BRDA:266,30,1,0
BRDA:273,31,0,0
BRDA:273,31,1,0
BRDA:280,32,0,0
BRDA:280,32,1,0
BRDA:287,33,0,0
BRDA:287,33,1,0
BRDA:314,34,0,0
BRDA:314,34,1,0
BRDA:348,35,0,0
BRDA:348,35,1,0
BRDA:348,36,0,0
BRDA:348,36,1,0
BRDA:354,37,0,0
BRDA:354,37,1,0
BRDA:355,38,0,0
BRDA:355,38,1,0
BRDA:355,39,0,0
BRDA:355,39,1,0
BRDA:356,40,0,0
BRDA:356,40,1,0
BRDA:356,41,0,0
BRDA:356,41,1,0
BRDA:360,42,0,0
BRDA:360,42,1,0
BRDA:367,43,0,0
BRDA:367,43,1,0
BRDA:378,44,0,0
BRDA:378,44,1,0
BRDA:379,45,0,0
BRDA:379,45,1,0
BRDA:384,46,0,0
BRDA:384,46,1,0
BRDA:396,47,0,0
BRDA:396,47,1,0
BRDA:402,48,0,0
BRDA:402,48,1,0
BRDA:413,49,0,0
BRDA:413,49,1,0
BRDA:414,50,0,0
BRDA:414,50,1,0
BRDA:420,51,0,0
BRDA:420,51,1,0
BRDA:431,52,0,0
BRDA:431,52,1,0
BRDA:432,53,0,0
BRDA:432,53,1,0
BRF:109
BRH:0
end_of_record
